14:37:37 **** Build of configuration Nios II for project hello_world_sw_bsp ****
make all 
[BSP build complete]
14:37:49 **** Build of configuration Nios II for project hello_world_sw ****
make all 
Info: Building ../hello_world_sw_bsp/
X:/Quartus18.1/nios2eds/bin/gnu/H-x86_64-mingw32/bin/make --no-print-directory -C ../hello_world_sw_bsp/
[BSP build complete]
[hello_world_sw build complete]
14:38:22 **** Incremental Build of configuration Nios II for project hello_world_sw ****
make all 
Info: Building ../hello_world_sw_bsp/
X:/Quartus18.1/nios2eds/bin/gnu/H-x86_64-mingw32/bin/make --no-print-directory -C ../hello_world_sw_bsp/
[BSP build complete]
[hello_world_sw build complete]
23:27:58 **** Build of configuration Nios II for project hello_world_sw ****
make all 
Info: Building ../hello_world_sw_bsp/
X:/Quartus18.1/nios2eds/bin/gnu/H-x86_64-mingw32/bin/make --no-print-directory -C ../hello_world_sw_bsp/
[BSP build complete]
[hello_world_sw build complete]
23:28:00 **** Incremental Build of configuration Nios II for project hello_world_sw ****
make all 
Info: Building ../hello_world_sw_bsp/
X:/Quartus18.1/nios2eds/bin/gnu/H-x86_64-mingw32/bin/make --no-print-directory -C ../hello_world_sw_bsp/
[BSP build complete]
[hello_world_sw build complete]
21:13:32 **** Build of configuration Nios II for project hello_world_sw ****
make all 
Info: Building ../hello_world_sw_bsp/
X:/Quartus18.1/nios2eds/bin/gnu/H-x86_64-mingw32/bin/make --no-print-directory -C ../hello_world_sw_bsp/
[BSP build complete]
[hello_world_sw build complete]
21:13:36 **** Incremental Build of configuration Nios II for project hello_world_sw ****
make all 
Info: Building ../hello_world_sw_bsp/
X:/Quartus18.1/nios2eds/bin/gnu/H-x86_64-mingw32/bin/make --no-print-directory -C ../hello_world_sw_bsp/
[BSP build complete]
[hello_world_sw build complete]
