Analysis & Synthesis report for part3
Sun Nov 19 20:51:39 2023
Quartus Prime Version 18.1.0 Build 625 09/12/2018 SJ Lite Edition


---------------------
; Table of Contents ;
---------------------
  1. Legal Notice
  2. Analysis & Synthesis Summary
  3. Analysis & Synthesis Settings
  4. Parallel Compilation
  5. Analysis & Synthesis Source Files Read
  6. Analysis & Synthesis Resource Usage Summary
  7. Analysis & Synthesis Resource Utilization by Entity
  8. General Register Statistics
  9. Parameter Settings for User Entity Instance: Top-level Entity: |part3
 10. Parameter Settings for User Entity Instance: counter:U0
 11. Parameter Settings for User Entity Instance: counter:U1
 12. Parameter Settings for User Entity Instance: counter:U2
 13. Parameter Settings for User Entity Instance: counter:U3
 14. Parameter Settings for Inferred Entity Instance: binToBCD:U4|lpm_divide:Mod0
 15. Parameter Settings for Inferred Entity Instance: binToBCD:U4|lpm_divide:Mod1
 16. Parameter Settings for Inferred Entity Instance: binToBCD:U4|lpm_divide:Div0
 17. Parameter Settings for Inferred Entity Instance: binToBCD:U5|lpm_divide:Mod0
 18. Parameter Settings for Inferred Entity Instance: binToBCD:U5|lpm_divide:Mod1
 19. Parameter Settings for Inferred Entity Instance: binToBCD:U5|lpm_divide:Div0
 20. Parameter Settings for Inferred Entity Instance: binToBCD_minute:U6|lpm_divide:Mod0
 21. Parameter Settings for Inferred Entity Instance: binToBCD_minute:U6|lpm_divide:Mod1
 22. Parameter Settings for Inferred Entity Instance: binToBCD_minute:U6|lpm_divide:Div0
 23. Port Connectivity Checks: "counter:U3"
 24. Port Connectivity Checks: "counter:U2"
 25. Port Connectivity Checks: "counter:U1"
 26. Port Connectivity Checks: "counter:U0"
 27. Post-Synthesis Netlist Statistics for Top Partition
 28. Elapsed Time Per Partition
 29. Analysis & Synthesis Messages



----------------
; Legal Notice ;
----------------
Copyright (C) 2018  Intel Corporation. All rights reserved.
Your use of Intel Corporation's design tools, logic functions 
and other software and tools, and its AMPP partner logic 
functions, and any output files from any of the foregoing 
(including device programming or simulation files), and any 
associated documentation or information are expressly subject 
to the terms and conditions of the Intel Program License 
Subscription Agreement, the Intel Quartus Prime License Agreement,
the Intel FPGA IP License Agreement, or other applicable license
agreement, including, without limitation, that your use is for
the sole purpose of programming logic devices manufactured by
Intel and sold by Intel or its authorized distributors.  Please
refer to the applicable agreement for further details.



+-------------------------------------------------------------------------------+
; Analysis & Synthesis Summary                                                  ;
+---------------------------------+---------------------------------------------+
; Analysis & Synthesis Status     ; Successful - Sun Nov 19 20:51:39 2023       ;
; Quartus Prime Version           ; 18.1.0 Build 625 09/12/2018 SJ Lite Edition ;
; Revision Name                   ; part3                                       ;
; Top-level Entity Name           ; part3                                       ;
; Family                          ; Cyclone V                                   ;
; Logic utilization (in ALMs)     ; N/A                                         ;
; Total registers                 ; 49                                          ;
; Total pins                      ; 64                                          ;
; Total virtual pins              ; 0                                           ;
; Total block memory bits         ; 0                                           ;
; Total DSP Blocks                ; 0                                           ;
; Total HSSI RX PCSs              ; 0                                           ;
; Total HSSI PMA RX Deserializers ; 0                                           ;
; Total HSSI TX PCSs              ; 0                                           ;
; Total HSSI PMA TX Serializers   ; 0                                           ;
; Total PLLs                      ; 0                                           ;
; Total DLLs                      ; 0                                           ;
+---------------------------------+---------------------------------------------+


+---------------------------------------------------------------------------------------------------------------------------+
; Analysis & Synthesis Settings                                                                                             ;
+---------------------------------------------------------------------------------+--------------------+--------------------+
; Option                                                                          ; Setting            ; Default Value      ;
+---------------------------------------------------------------------------------+--------------------+--------------------+
; Device                                                                          ; 5CSEMA5F31C6       ;                    ;
; Top-level entity name                                                           ; part3              ; part3              ;
; Family name                                                                     ; Cyclone V          ; Cyclone V          ;
; Use smart compilation                                                           ; Off                ; Off                ;
; Enable parallel Assembler and Timing Analyzer during compilation                ; On                 ; On                 ;
; Enable compact report table                                                     ; Off                ; Off                ;
; Restructure Multiplexers                                                        ; Auto               ; Auto               ;
; MLAB Add Timing Constraints For Mixed-Port Feed-Through Mode Setting Don't Care ; Off                ; Off                ;
; Create Debugging Nodes for IP Cores                                             ; Off                ; Off                ;
; Preserve fewer node names                                                       ; On                 ; On                 ;
; Intel FPGA IP Evaluation Mode                                                   ; Enable             ; Enable             ;
; Verilog Version                                                                 ; Verilog_2001       ; Verilog_2001       ;
; VHDL Version                                                                    ; VHDL_1993          ; VHDL_1993          ;
; State Machine Processing                                                        ; Auto               ; Auto               ;
; Safe State Machine                                                              ; Off                ; Off                ;
; Extract Verilog State Machines                                                  ; On                 ; On                 ;
; Extract VHDL State Machines                                                     ; On                 ; On                 ;
; Ignore Verilog initial constructs                                               ; Off                ; Off                ;
; Iteration limit for constant Verilog loops                                      ; 5000               ; 5000               ;
; Iteration limit for non-constant Verilog loops                                  ; 250                ; 250                ;
; Add Pass-Through Logic to Inferred RAMs                                         ; On                 ; On                 ;
; Infer RAMs from Raw Logic                                                       ; On                 ; On                 ;
; Parallel Synthesis                                                              ; On                 ; On                 ;
; DSP Block Balancing                                                             ; Auto               ; Auto               ;
; NOT Gate Push-Back                                                              ; On                 ; On                 ;
; Power-Up Don't Care                                                             ; On                 ; On                 ;
; Remove Redundant Logic Cells                                                    ; Off                ; Off                ;
; Remove Duplicate Registers                                                      ; On                 ; On                 ;
; Ignore CARRY Buffers                                                            ; Off                ; Off                ;
; Ignore CASCADE Buffers                                                          ; Off                ; Off                ;
; Ignore GLOBAL Buffers                                                           ; Off                ; Off                ;
; Ignore ROW GLOBAL Buffers                                                       ; Off                ; Off                ;
; Ignore LCELL Buffers                                                            ; Off                ; Off                ;
; Ignore SOFT Buffers                                                             ; On                 ; On                 ;
; Limit AHDL Integers to 32 Bits                                                  ; Off                ; Off                ;
; Optimization Technique                                                          ; Balanced           ; Balanced           ;
; Carry Chain Length                                                              ; 70                 ; 70                 ;
; Auto Carry Chains                                                               ; On                 ; On                 ;
; Auto Open-Drain Pins                                                            ; On                 ; On                 ;
; Perform WYSIWYG Primitive Resynthesis                                           ; Off                ; Off                ;
; Auto ROM Replacement                                                            ; On                 ; On                 ;
; Auto RAM Replacement                                                            ; On                 ; On                 ;
; Auto DSP Block Replacement                                                      ; On                 ; On                 ;
; Auto Shift Register Replacement                                                 ; Auto               ; Auto               ;
; Allow Shift Register Merging across Hierarchies                                 ; Auto               ; Auto               ;
; Auto Clock Enable Replacement                                                   ; On                 ; On                 ;
; Strict RAM Replacement                                                          ; Off                ; Off                ;
; Allow Synchronous Control Signals                                               ; On                 ; On                 ;
; Force Use of Synchronous Clear Signals                                          ; Off                ; Off                ;
; Auto Resource Sharing                                                           ; Off                ; Off                ;
; Allow Any RAM Size For Recognition                                              ; Off                ; Off                ;
; Allow Any ROM Size For Recognition                                              ; Off                ; Off                ;
; Allow Any Shift Register Size For Recognition                                   ; Off                ; Off                ;
; Use LogicLock Constraints during Resource Balancing                             ; On                 ; On                 ;
; Ignore translate_off and synthesis_off directives                               ; Off                ; Off                ;
; Timing-Driven Synthesis                                                         ; On                 ; On                 ;
; Report Parameter Settings                                                       ; On                 ; On                 ;
; Report Source Assignments                                                       ; On                 ; On                 ;
; Report Connectivity Checks                                                      ; On                 ; On                 ;
; Ignore Maximum Fan-Out Assignments                                              ; Off                ; Off                ;
; Synchronization Register Chain Length                                           ; 3                  ; 3                  ;
; Power Optimization During Synthesis                                             ; Normal compilation ; Normal compilation ;
; HDL message level                                                               ; Level2             ; Level2             ;
; Suppress Register Optimization Related Messages                                 ; Off                ; Off                ;
; Number of Removed Registers Reported in Synthesis Report                        ; 5000               ; 5000               ;
; Number of Swept Nodes Reported in Synthesis Report                              ; 5000               ; 5000               ;
; Number of Inverted Registers Reported in Synthesis Report                       ; 100                ; 100                ;
; Clock MUX Protection                                                            ; On                 ; On                 ;
; Auto Gated Clock Conversion                                                     ; Off                ; Off                ;
; Block Design Naming                                                             ; Auto               ; Auto               ;
; SDC constraint protection                                                       ; Off                ; Off                ;
; Synthesis Effort                                                                ; Auto               ; Auto               ;
; Shift Register Replacement - Allow Asynchronous Clear Signal                    ; On                 ; On                 ;
; Pre-Mapping Resynthesis Optimization                                            ; Off                ; Off                ;
; Analysis & Synthesis Message Level                                              ; Medium             ; Medium             ;
; Disable Register Merging Across Hierarchies                                     ; Auto               ; Auto               ;
; Resource Aware Inference For Block RAM                                          ; On                 ; On                 ;
; Automatic Parallel Synthesis                                                    ; On                 ; On                 ;
; Partial Reconfiguration Bitstream ID                                            ; Off                ; Off                ;
+---------------------------------------------------------------------------------+--------------------+--------------------+


+------------------------------------------+
; Parallel Compilation                     ;
+----------------------------+-------------+
; Processors                 ; Number      ;
+----------------------------+-------------+
; Number detected on machine ; 8           ;
; Maximum allowed            ; 4           ;
;                            ;             ;
; Average used               ; 1.00        ;
; Maximum used               ; 4           ;
;                            ;             ;
; Usage by Processor         ; % Time Used ;
;     Processor 1            ; 100.0%      ;
;     Processors 2-4         ;   0.0%      ;
+----------------------------+-------------+


+------------------------------------------------------------------------------------------------------------------------------------------------------------------+
; Analysis & Synthesis Source Files Read                                                                                                                           ;
+----------------------------------+-----------------+------------------------------+--------------------------------------------------------------------+---------+
; File Name with User-Entered Path ; Used in Netlist ; File Type                    ; File Name with Absolute Path                                       ; Library ;
+----------------------------------+-----------------+------------------------------+--------------------------------------------------------------------+---------+
; BCDToHex.v                       ; yes             ; User Verilog HDL File        ; D:/project3_m1_l5_p3/BCDToHex.v                                    ;         ;
; binToBCD.v                       ; yes             ; User Verilog HDL File        ; D:/project3_m1_l5_p3/binToBCD.v                                    ;         ;
; counter.v                        ; yes             ; User Verilog HDL File        ; D:/project3_m1_l5_p3/counter.v                                     ;         ;
; part3.v                          ; yes             ; User Verilog HDL File        ; D:/project3_m1_l5_p3/part3.v                                       ;         ;
; binToBCD_minute.v                ; yes             ; User Verilog HDL File        ; D:/project3_m1_l5_p3/binToBCD_minute.v                             ;         ;
; lpm_divide.tdf                   ; yes             ; Megafunction                 ; d:/quartus18.1/quartus/libraries/megafunctions/lpm_divide.tdf      ;         ;
; abs_divider.inc                  ; yes             ; Megafunction                 ; d:/quartus18.1/quartus/libraries/megafunctions/abs_divider.inc     ;         ;
; sign_div_unsign.inc              ; yes             ; Megafunction                 ; d:/quartus18.1/quartus/libraries/megafunctions/sign_div_unsign.inc ;         ;
; aglobal181.inc                   ; yes             ; Megafunction                 ; d:/quartus18.1/quartus/libraries/megafunctions/aglobal181.inc      ;         ;
; db/lpm_divide_92m.tdf            ; yes             ; Auto-Generated Megafunction  ; D:/project3_m1_l5_p3/db/lpm_divide_92m.tdf                         ;         ;
; db/sign_div_unsign_ckh.tdf       ; yes             ; Auto-Generated Megafunction  ; D:/project3_m1_l5_p3/db/sign_div_unsign_ckh.tdf                    ;         ;
; db/alt_u_div_use.tdf             ; yes             ; Auto-Generated Megafunction  ; D:/project3_m1_l5_p3/db/alt_u_div_use.tdf                          ;         ;
; db/lpm_divide_c2m.tdf            ; yes             ; Auto-Generated Megafunction  ; D:/project3_m1_l5_p3/db/lpm_divide_c2m.tdf                         ;         ;
; db/sign_div_unsign_fkh.tdf       ; yes             ; Auto-Generated Megafunction  ; D:/project3_m1_l5_p3/db/sign_div_unsign_fkh.tdf                    ;         ;
; db/alt_u_div_4te.tdf             ; yes             ; Auto-Generated Megafunction  ; D:/project3_m1_l5_p3/db/alt_u_div_4te.tdf                          ;         ;
; db/lpm_divide_4am.tdf            ; yes             ; Auto-Generated Megafunction  ; D:/project3_m1_l5_p3/db/lpm_divide_4am.tdf                         ;         ;
; db/sign_div_unsign_akh.tdf       ; yes             ; Auto-Generated Megafunction  ; D:/project3_m1_l5_p3/db/sign_div_unsign_akh.tdf                    ;         ;
; db/alt_u_div_qse.tdf             ; yes             ; Auto-Generated Megafunction  ; D:/project3_m1_l5_p3/db/alt_u_div_qse.tdf                          ;         ;
+----------------------------------+-----------------+------------------------------+--------------------------------------------------------------------+---------+


+------------------------------------------------------------+
; Analysis & Synthesis Resource Usage Summary                ;
+---------------------------------------------+--------------+
; Resource                                    ; Usage        ;
+---------------------------------------------+--------------+
; Estimate of Logic utilization (ALMs needed) ; 297          ;
;                                             ;              ;
; Combinational ALUT usage for logic          ; 579          ;
;     -- 7 input functions                    ; 3            ;
;     -- 6 input functions                    ; 10           ;
;     -- 5 input functions                    ; 12           ;
;     -- 4 input functions                    ; 108          ;
;     -- <=3 input functions                  ; 446          ;
;                                             ;              ;
; Dedicated logic registers                   ; 49           ;
;                                             ;              ;
; I/O pins                                    ; 64           ;
;                                             ;              ;
; Total DSP Blocks                            ; 0            ;
;                                             ;              ;
; Maximum fan-out node                        ; KEY[2]~input ;
; Maximum fan-out                             ; 48           ;
; Total fan-out                               ; 1937         ;
; Average fan-out                             ; 2.56         ;
+---------------------------------------------+--------------+


+---------------------------------------------------------------------------------------------------------------------------------------------------------------------------------------------------------------------------------------------------------------------------------------------------------------------+
; Analysis & Synthesis Resource Utilization by Entity                                                                                                                                                                                                                                                                 ;
+-------------------------------------------+---------------------+---------------------------+-------------------+------------+------+--------------+---------------------------------------------------------------------------------------------------------------------------+---------------------+--------------+
; Compilation Hierarchy Node                ; Combinational ALUTs ; Dedicated Logic Registers ; Block Memory Bits ; DSP Blocks ; Pins ; Virtual Pins ; Full Hierarchy Name                                                                                                       ; Entity Name         ; Library Name ;
+-------------------------------------------+---------------------+---------------------------+-------------------+------------+------+--------------+---------------------------------------------------------------------------------------------------------------------------+---------------------+--------------+
; |part3                                    ; 579 (3)             ; 49 (1)                    ; 0                 ; 0          ; 64   ; 0            ; |part3                                                                                                                    ; part3               ; work         ;
;    |BCDToHex:U10|                         ; 7 (7)               ; 0 (0)                     ; 0                 ; 0          ; 0    ; 0            ; |part3|BCDToHex:U10                                                                                                       ; BCDToHex            ; work         ;
;    |BCDToHex:U11|                         ; 7 (7)               ; 0 (0)                     ; 0                 ; 0          ; 0    ; 0            ; |part3|BCDToHex:U11                                                                                                       ; BCDToHex            ; work         ;
;    |BCDToHex:U12|                         ; 7 (7)               ; 0 (0)                     ; 0                 ; 0          ; 0    ; 0            ; |part3|BCDToHex:U12                                                                                                       ; BCDToHex            ; work         ;
;    |BCDToHex:U7|                          ; 7 (7)               ; 0 (0)                     ; 0                 ; 0          ; 0    ; 0            ; |part3|BCDToHex:U7                                                                                                        ; BCDToHex            ; work         ;
;    |BCDToHex:U8|                          ; 7 (7)               ; 0 (0)                     ; 0                 ; 0          ; 0    ; 0            ; |part3|BCDToHex:U8                                                                                                        ; BCDToHex            ; work         ;
;    |BCDToHex:U9|                          ; 7 (7)               ; 0 (0)                     ; 0                 ; 0          ; 0    ; 0            ; |part3|BCDToHex:U9                                                                                                        ; BCDToHex            ; work         ;
;    |binToBCD:U4|                          ; 158 (0)             ; 0 (0)                     ; 0                 ; 0          ; 0    ; 0            ; |part3|binToBCD:U4                                                                                                        ; binToBCD            ; work         ;
;       |lpm_divide:Div0|                   ; 36 (0)              ; 0 (0)                     ; 0                 ; 0          ; 0    ; 0            ; |part3|binToBCD:U4|lpm_divide:Div0                                                                                        ; lpm_divide          ; work         ;
;          |lpm_divide_4am:auto_generated|  ; 36 (0)              ; 0 (0)                     ; 0                 ; 0          ; 0    ; 0            ; |part3|binToBCD:U4|lpm_divide:Div0|lpm_divide_4am:auto_generated                                                          ; lpm_divide_4am      ; work         ;
;             |sign_div_unsign_akh:divider| ; 36 (0)              ; 0 (0)                     ; 0                 ; 0          ; 0    ; 0            ; |part3|binToBCD:U4|lpm_divide:Div0|lpm_divide_4am:auto_generated|sign_div_unsign_akh:divider                              ; sign_div_unsign_akh ; work         ;
;                |alt_u_div_qse:divider|    ; 36 (36)             ; 0 (0)                     ; 0                 ; 0          ; 0    ; 0            ; |part3|binToBCD:U4|lpm_divide:Div0|lpm_divide_4am:auto_generated|sign_div_unsign_akh:divider|alt_u_div_qse:divider        ; alt_u_div_qse       ; work         ;
;       |lpm_divide:Mod0|                   ; 62 (0)              ; 0 (0)                     ; 0                 ; 0          ; 0    ; 0            ; |part3|binToBCD:U4|lpm_divide:Mod0                                                                                        ; lpm_divide          ; work         ;
;          |lpm_divide_92m:auto_generated|  ; 62 (0)              ; 0 (0)                     ; 0                 ; 0          ; 0    ; 0            ; |part3|binToBCD:U4|lpm_divide:Mod0|lpm_divide_92m:auto_generated                                                          ; lpm_divide_92m      ; work         ;
;             |sign_div_unsign_ckh:divider| ; 62 (0)              ; 0 (0)                     ; 0                 ; 0          ; 0    ; 0            ; |part3|binToBCD:U4|lpm_divide:Mod0|lpm_divide_92m:auto_generated|sign_div_unsign_ckh:divider                              ; sign_div_unsign_ckh ; work         ;
;                |alt_u_div_use:divider|    ; 62 (62)             ; 0 (0)                     ; 0                 ; 0          ; 0    ; 0            ; |part3|binToBCD:U4|lpm_divide:Mod0|lpm_divide_92m:auto_generated|sign_div_unsign_ckh:divider|alt_u_div_use:divider        ; alt_u_div_use       ; work         ;
;       |lpm_divide:Mod1|                   ; 60 (0)              ; 0 (0)                     ; 0                 ; 0          ; 0    ; 0            ; |part3|binToBCD:U4|lpm_divide:Mod1                                                                                        ; lpm_divide          ; work         ;
;          |lpm_divide_c2m:auto_generated|  ; 60 (0)              ; 0 (0)                     ; 0                 ; 0          ; 0    ; 0            ; |part3|binToBCD:U4|lpm_divide:Mod1|lpm_divide_c2m:auto_generated                                                          ; lpm_divide_c2m      ; work         ;
;             |sign_div_unsign_fkh:divider| ; 60 (0)              ; 0 (0)                     ; 0                 ; 0          ; 0    ; 0            ; |part3|binToBCD:U4|lpm_divide:Mod1|lpm_divide_c2m:auto_generated|sign_div_unsign_fkh:divider                              ; sign_div_unsign_fkh ; work         ;
;                |alt_u_div_4te:divider|    ; 60 (60)             ; 0 (0)                     ; 0                 ; 0          ; 0    ; 0            ; |part3|binToBCD:U4|lpm_divide:Mod1|lpm_divide_c2m:auto_generated|sign_div_unsign_fkh:divider|alt_u_div_4te:divider        ; alt_u_div_4te       ; work         ;
;    |binToBCD:U5|                          ; 158 (0)             ; 0 (0)                     ; 0                 ; 0          ; 0    ; 0            ; |part3|binToBCD:U5                                                                                                        ; binToBCD            ; work         ;
;       |lpm_divide:Div0|                   ; 36 (0)              ; 0 (0)                     ; 0                 ; 0          ; 0    ; 0            ; |part3|binToBCD:U5|lpm_divide:Div0                                                                                        ; lpm_divide          ; work         ;
;          |lpm_divide_4am:auto_generated|  ; 36 (0)              ; 0 (0)                     ; 0                 ; 0          ; 0    ; 0            ; |part3|binToBCD:U5|lpm_divide:Div0|lpm_divide_4am:auto_generated                                                          ; lpm_divide_4am      ; work         ;
;             |sign_div_unsign_akh:divider| ; 36 (0)              ; 0 (0)                     ; 0                 ; 0          ; 0    ; 0            ; |part3|binToBCD:U5|lpm_divide:Div0|lpm_divide_4am:auto_generated|sign_div_unsign_akh:divider                              ; sign_div_unsign_akh ; work         ;
;                |alt_u_div_qse:divider|    ; 36 (36)             ; 0 (0)                     ; 0                 ; 0          ; 0    ; 0            ; |part3|binToBCD:U5|lpm_divide:Div0|lpm_divide_4am:auto_generated|sign_div_unsign_akh:divider|alt_u_div_qse:divider        ; alt_u_div_qse       ; work         ;
;       |lpm_divide:Mod0|                   ; 62 (0)              ; 0 (0)                     ; 0                 ; 0          ; 0    ; 0            ; |part3|binToBCD:U5|lpm_divide:Mod0                                                                                        ; lpm_divide          ; work         ;
;          |lpm_divide_92m:auto_generated|  ; 62 (0)              ; 0 (0)                     ; 0                 ; 0          ; 0    ; 0            ; |part3|binToBCD:U5|lpm_divide:Mod0|lpm_divide_92m:auto_generated                                                          ; lpm_divide_92m      ; work         ;
;             |sign_div_unsign_ckh:divider| ; 62 (0)              ; 0 (0)                     ; 0                 ; 0          ; 0    ; 0            ; |part3|binToBCD:U5|lpm_divide:Mod0|lpm_divide_92m:auto_generated|sign_div_unsign_ckh:divider                              ; sign_div_unsign_ckh ; work         ;
;                |alt_u_div_use:divider|    ; 62 (62)             ; 0 (0)                     ; 0                 ; 0          ; 0    ; 0            ; |part3|binToBCD:U5|lpm_divide:Mod0|lpm_divide_92m:auto_generated|sign_div_unsign_ckh:divider|alt_u_div_use:divider        ; alt_u_div_use       ; work         ;
;       |lpm_divide:Mod1|                   ; 60 (0)              ; 0 (0)                     ; 0                 ; 0          ; 0    ; 0            ; |part3|binToBCD:U5|lpm_divide:Mod1                                                                                        ; lpm_divide          ; work         ;
;          |lpm_divide_c2m:auto_generated|  ; 60 (0)              ; 0 (0)                     ; 0                 ; 0          ; 0    ; 0            ; |part3|binToBCD:U5|lpm_divide:Mod1|lpm_divide_c2m:auto_generated                                                          ; lpm_divide_c2m      ; work         ;
;             |sign_div_unsign_fkh:divider| ; 60 (0)              ; 0 (0)                     ; 0                 ; 0          ; 0    ; 0            ; |part3|binToBCD:U5|lpm_divide:Mod1|lpm_divide_c2m:auto_generated|sign_div_unsign_fkh:divider                              ; sign_div_unsign_fkh ; work         ;
;                |alt_u_div_4te:divider|    ; 60 (60)             ; 0 (0)                     ; 0                 ; 0          ; 0    ; 0            ; |part3|binToBCD:U5|lpm_divide:Mod1|lpm_divide_c2m:auto_generated|sign_div_unsign_fkh:divider|alt_u_div_4te:divider        ; alt_u_div_4te       ; work         ;
;    |binToBCD_minute:U6|                   ; 162 (8)             ; 0 (0)                     ; 0                 ; 0          ; 0    ; 0            ; |part3|binToBCD_minute:U6                                                                                                 ; binToBCD_minute     ; work         ;
;       |lpm_divide:Div0|                   ; 36 (0)              ; 0 (0)                     ; 0                 ; 0          ; 0    ; 0            ; |part3|binToBCD_minute:U6|lpm_divide:Div0                                                                                 ; lpm_divide          ; work         ;
;          |lpm_divide_4am:auto_generated|  ; 36 (0)              ; 0 (0)                     ; 0                 ; 0          ; 0    ; 0            ; |part3|binToBCD_minute:U6|lpm_divide:Div0|lpm_divide_4am:auto_generated                                                   ; lpm_divide_4am      ; work         ;
;             |sign_div_unsign_akh:divider| ; 36 (0)              ; 0 (0)                     ; 0                 ; 0          ; 0    ; 0            ; |part3|binToBCD_minute:U6|lpm_divide:Div0|lpm_divide_4am:auto_generated|sign_div_unsign_akh:divider                       ; sign_div_unsign_akh ; work         ;
;                |alt_u_div_qse:divider|    ; 36 (36)             ; 0 (0)                     ; 0                 ; 0          ; 0    ; 0            ; |part3|binToBCD_minute:U6|lpm_divide:Div0|lpm_divide_4am:auto_generated|sign_div_unsign_akh:divider|alt_u_div_qse:divider ; alt_u_div_qse       ; work         ;
;       |lpm_divide:Mod0|                   ; 58 (0)              ; 0 (0)                     ; 0                 ; 0          ; 0    ; 0            ; |part3|binToBCD_minute:U6|lpm_divide:Mod0                                                                                 ; lpm_divide          ; work         ;
;          |lpm_divide_92m:auto_generated|  ; 58 (0)              ; 0 (0)                     ; 0                 ; 0          ; 0    ; 0            ; |part3|binToBCD_minute:U6|lpm_divide:Mod0|lpm_divide_92m:auto_generated                                                   ; lpm_divide_92m      ; work         ;
;             |sign_div_unsign_ckh:divider| ; 58 (0)              ; 0 (0)                     ; 0                 ; 0          ; 0    ; 0            ; |part3|binToBCD_minute:U6|lpm_divide:Mod0|lpm_divide_92m:auto_generated|sign_div_unsign_ckh:divider                       ; sign_div_unsign_ckh ; work         ;
;                |alt_u_div_use:divider|    ; 58 (58)             ; 0 (0)                     ; 0                 ; 0          ; 0    ; 0            ; |part3|binToBCD_minute:U6|lpm_divide:Mod0|lpm_divide_92m:auto_generated|sign_div_unsign_ckh:divider|alt_u_div_use:divider ; alt_u_div_use       ; work         ;
;       |lpm_divide:Mod1|                   ; 60 (0)              ; 0 (0)                     ; 0                 ; 0          ; 0    ; 0            ; |part3|binToBCD_minute:U6|lpm_divide:Mod1                                                                                 ; lpm_divide          ; work         ;
;          |lpm_divide_c2m:auto_generated|  ; 60 (0)              ; 0 (0)                     ; 0                 ; 0          ; 0    ; 0            ; |part3|binToBCD_minute:U6|lpm_divide:Mod1|lpm_divide_c2m:auto_generated                                                   ; lpm_divide_c2m      ; work         ;
;             |sign_div_unsign_fkh:divider| ; 60 (0)              ; 0 (0)                     ; 0                 ; 0          ; 0    ; 0            ; |part3|binToBCD_minute:U6|lpm_divide:Mod1|lpm_divide_c2m:auto_generated|sign_div_unsign_fkh:divider                       ; sign_div_unsign_fkh ; work         ;
;                |alt_u_div_4te:divider|    ; 60 (60)             ; 0 (0)                     ; 0                 ; 0          ; 0    ; 0            ; |part3|binToBCD_minute:U6|lpm_divide:Mod1|lpm_divide_c2m:auto_generated|sign_div_unsign_fkh:divider|alt_u_div_4te:divider ; alt_u_div_4te       ; work         ;
;    |counter:U0|                           ; 26 (26)             ; 22 (22)                   ; 0                 ; 0          ; 0    ; 0            ; |part3|counter:U0                                                                                                         ; counter             ; work         ;
;    |counter:U1|                           ; 10 (10)             ; 9 (9)                     ; 0                 ; 0          ; 0    ; 0            ; |part3|counter:U1                                                                                                         ; counter             ; work         ;
;    |counter:U2|                           ; 10 (10)             ; 9 (9)                     ; 0                 ; 0          ; 0    ; 0            ; |part3|counter:U2                                                                                                         ; counter             ; work         ;
;    |counter:U3|                           ; 10 (10)             ; 8 (8)                     ; 0                 ; 0          ; 0    ; 0            ; |part3|counter:U3                                                                                                         ; counter             ; work         ;
+-------------------------------------------+---------------------+---------------------------+-------------------+------------+------+--------------+---------------------------------------------------------------------------------------------------------------------------+---------------------+--------------+
Note: For table entries with two numbers listed, the numbers in parentheses indicate the number of resources of the given type used by the specific entity alone. The numbers listed outside of parentheses indicate the total resources of the given type used by the specific entity and all of its sub-entities in the hierarchy.


+------------------------------------------------------+
; General Register Statistics                          ;
+----------------------------------------------+-------+
; Statistic                                    ; Value ;
+----------------------------------------------+-------+
; Total registers                              ; 49    ;
; Number of registers using Synchronous Clear  ; 45    ;
; Number of registers using Synchronous Load   ; 0     ;
; Number of registers using Asynchronous Clear ; 48    ;
; Number of registers using Asynchronous Load  ; 0     ;
; Number of registers using Clock Enable       ; 0     ;
; Number of registers using Preset             ; 0     ;
+----------------------------------------------+-------+


+-----------------------------------------------------------------------+
; Parameter Settings for User Entity Instance: Top-level Entity: |part3 ;
+----------------+--------+---------------------------------------------+
; Parameter Name ; Value  ; Type                                        ;
+----------------+--------+---------------------------------------------+
; clkFreq        ; 500000 ; Signed Integer                              ;
; countersize    ; 21     ; Signed Integer                              ;
; count1         ; 100    ; Signed Integer                              ;
; countersize1   ; 8      ; Signed Integer                              ;
; count2         ; 60     ; Signed Integer                              ;
; countersize2   ; 8      ; Signed Integer                              ;
+----------------+--------+---------------------------------------------+
Note: In order to hide this table in the UI and the text report file, please set the "Show Parameter Settings in Synthesis Report" option in "Analysis and Synthesis Settings -> More Settings" to "Off".


+---------------------------------------------------------+
; Parameter Settings for User Entity Instance: counter:U0 ;
+----------------+--------+-------------------------------+
; Parameter Name ; Value  ; Type                          ;
+----------------+--------+-------------------------------+
; n              ; 21     ; Signed Integer                ;
; k              ; 500000 ; Signed Integer                ;
+----------------+--------+-------------------------------+
Note: In order to hide this table in the UI and the text report file, please set the "Show Parameter Settings in Synthesis Report" option in "Analysis and Synthesis Settings -> More Settings" to "Off".


+---------------------------------------------------------+
; Parameter Settings for User Entity Instance: counter:U1 ;
+----------------+-------+--------------------------------+
; Parameter Name ; Value ; Type                           ;
+----------------+-------+--------------------------------+
; n              ; 8     ; Signed Integer                 ;
; k              ; 100   ; Signed Integer                 ;
+----------------+-------+--------------------------------+
Note: In order to hide this table in the UI and the text report file, please set the "Show Parameter Settings in Synthesis Report" option in "Analysis and Synthesis Settings -> More Settings" to "Off".


+---------------------------------------------------------+
; Parameter Settings for User Entity Instance: counter:U2 ;
+----------------+-------+--------------------------------+
; Parameter Name ; Value ; Type                           ;
+----------------+-------+--------------------------------+
; n              ; 8     ; Signed Integer                 ;
; k              ; 60    ; Signed Integer                 ;
+----------------+-------+--------------------------------+
Note: In order to hide this table in the UI and the text report file, please set the "Show Parameter Settings in Synthesis Report" option in "Analysis and Synthesis Settings -> More Settings" to "Off".


+---------------------------------------------------------+
; Parameter Settings for User Entity Instance: counter:U3 ;
+----------------+-------+--------------------------------+
; Parameter Name ; Value ; Type                           ;
+----------------+-------+--------------------------------+
; n              ; 8     ; Signed Integer                 ;
; k              ; 60    ; Signed Integer                 ;
+----------------+-------+--------------------------------+
Note: In order to hide this table in the UI and the text report file, please set the "Show Parameter Settings in Synthesis Report" option in "Analysis and Synthesis Settings -> More Settings" to "Off".


+------------------------------------------------------------------------------+
; Parameter Settings for Inferred Entity Instance: binToBCD:U4|lpm_divide:Mod0 ;
+------------------------+----------------+------------------------------------+
; Parameter Name         ; Value          ; Type                               ;
+------------------------+----------------+------------------------------------+
; LPM_WIDTHN             ; 9              ; Untyped                            ;
; LPM_WIDTHD             ; 4              ; Untyped                            ;
; LPM_NREPRESENTATION    ; UNSIGNED       ; Untyped                            ;
; LPM_DREPRESENTATION    ; UNSIGNED       ; Untyped                            ;
; LPM_PIPELINE           ; 0              ; Untyped                            ;
; LPM_REMAINDERPOSITIVE  ; TRUE           ; Untyped                            ;
; MAXIMIZE_SPEED         ; 5              ; Untyped                            ;
; CBXI_PARAMETER         ; lpm_divide_92m ; Untyped                            ;
; CARRY_CHAIN            ; MANUAL         ; Untyped                            ;
; OPTIMIZE_FOR_SPEED     ; 5              ; Untyped                            ;
; AUTO_CARRY_CHAINS      ; ON             ; AUTO_CARRY                         ;
; IGNORE_CARRY_BUFFERS   ; OFF            ; IGNORE_CARRY                       ;
; AUTO_CASCADE_CHAINS    ; ON             ; AUTO_CASCADE                       ;
; IGNORE_CASCADE_BUFFERS ; OFF            ; IGNORE_CASCADE                     ;
+------------------------+----------------+------------------------------------+
Note: In order to hide this table in the UI and the text report file, please set the "Show Parameter Settings in Synthesis Report" option in "Analysis and Synthesis Settings -> More Settings" to "Off".


+------------------------------------------------------------------------------+
; Parameter Settings for Inferred Entity Instance: binToBCD:U4|lpm_divide:Mod1 ;
+------------------------+----------------+------------------------------------+
; Parameter Name         ; Value          ; Type                               ;
+------------------------+----------------+------------------------------------+
; LPM_WIDTHN             ; 9              ; Untyped                            ;
; LPM_WIDTHD             ; 7              ; Untyped                            ;
; LPM_NREPRESENTATION    ; UNSIGNED       ; Untyped                            ;
; LPM_DREPRESENTATION    ; UNSIGNED       ; Untyped                            ;
; LPM_PIPELINE           ; 0              ; Untyped                            ;
; LPM_REMAINDERPOSITIVE  ; TRUE           ; Untyped                            ;
; MAXIMIZE_SPEED         ; 5              ; Untyped                            ;
; CBXI_PARAMETER         ; lpm_divide_c2m ; Untyped                            ;
; CARRY_CHAIN            ; MANUAL         ; Untyped                            ;
; OPTIMIZE_FOR_SPEED     ; 5              ; Untyped                            ;
; AUTO_CARRY_CHAINS      ; ON             ; AUTO_CARRY                         ;
; IGNORE_CARRY_BUFFERS   ; OFF            ; IGNORE_CARRY                       ;
; AUTO_CASCADE_CHAINS    ; ON             ; AUTO_CASCADE                       ;
; IGNORE_CASCADE_BUFFERS ; OFF            ; IGNORE_CASCADE                     ;
+------------------------+----------------+------------------------------------+
Note: In order to hide this table in the UI and the text report file, please set the "Show Parameter Settings in Synthesis Report" option in "Analysis and Synthesis Settings -> More Settings" to "Off".


+------------------------------------------------------------------------------+
; Parameter Settings for Inferred Entity Instance: binToBCD:U4|lpm_divide:Div0 ;
+------------------------+----------------+------------------------------------+
; Parameter Name         ; Value          ; Type                               ;
+------------------------+----------------+------------------------------------+
; LPM_WIDTHN             ; 7              ; Untyped                            ;
; LPM_WIDTHD             ; 4              ; Untyped                            ;
; LPM_NREPRESENTATION    ; UNSIGNED       ; Untyped                            ;
; LPM_DREPRESENTATION    ; UNSIGNED       ; Untyped                            ;
; LPM_PIPELINE           ; 0              ; Untyped                            ;
; LPM_REMAINDERPOSITIVE  ; TRUE           ; Untyped                            ;
; MAXIMIZE_SPEED         ; 5              ; Untyped                            ;
; CBXI_PARAMETER         ; lpm_divide_4am ; Untyped                            ;
; CARRY_CHAIN            ; MANUAL         ; Untyped                            ;
; OPTIMIZE_FOR_SPEED     ; 5              ; Untyped                            ;
; AUTO_CARRY_CHAINS      ; ON             ; AUTO_CARRY                         ;
; IGNORE_CARRY_BUFFERS   ; OFF            ; IGNORE_CARRY                       ;
; AUTO_CASCADE_CHAINS    ; ON             ; AUTO_CASCADE                       ;
; IGNORE_CASCADE_BUFFERS ; OFF            ; IGNORE_CASCADE                     ;
+------------------------+----------------+------------------------------------+
Note: In order to hide this table in the UI and the text report file, please set the "Show Parameter Settings in Synthesis Report" option in "Analysis and Synthesis Settings -> More Settings" to "Off".


+------------------------------------------------------------------------------+
; Parameter Settings for Inferred Entity Instance: binToBCD:U5|lpm_divide:Mod0 ;
+------------------------+----------------+------------------------------------+
; Parameter Name         ; Value          ; Type                               ;
+------------------------+----------------+------------------------------------+
; LPM_WIDTHN             ; 9              ; Untyped                            ;
; LPM_WIDTHD             ; 4              ; Untyped                            ;
; LPM_NREPRESENTATION    ; UNSIGNED       ; Untyped                            ;
; LPM_DREPRESENTATION    ; UNSIGNED       ; Untyped                            ;
; LPM_PIPELINE           ; 0              ; Untyped                            ;
; LPM_REMAINDERPOSITIVE  ; TRUE           ; Untyped                            ;
; MAXIMIZE_SPEED         ; 5              ; Untyped                            ;
; CBXI_PARAMETER         ; lpm_divide_92m ; Untyped                            ;
; CARRY_CHAIN            ; MANUAL         ; Untyped                            ;
; OPTIMIZE_FOR_SPEED     ; 5              ; Untyped                            ;
; AUTO_CARRY_CHAINS      ; ON             ; AUTO_CARRY                         ;
; IGNORE_CARRY_BUFFERS   ; OFF            ; IGNORE_CARRY                       ;
; AUTO_CASCADE_CHAINS    ; ON             ; AUTO_CASCADE                       ;
; IGNORE_CASCADE_BUFFERS ; OFF            ; IGNORE_CASCADE                     ;
+------------------------+----------------+------------------------------------+
Note: In order to hide this table in the UI and the text report file, please set the "Show Parameter Settings in Synthesis Report" option in "Analysis and Synthesis Settings -> More Settings" to "Off".


+------------------------------------------------------------------------------+
; Parameter Settings for Inferred Entity Instance: binToBCD:U5|lpm_divide:Mod1 ;
+------------------------+----------------+------------------------------------+
; Parameter Name         ; Value          ; Type                               ;
+------------------------+----------------+------------------------------------+
; LPM_WIDTHN             ; 9              ; Untyped                            ;
; LPM_WIDTHD             ; 7              ; Untyped                            ;
; LPM_NREPRESENTATION    ; UNSIGNED       ; Untyped                            ;
; LPM_DREPRESENTATION    ; UNSIGNED       ; Untyped                            ;
; LPM_PIPELINE           ; 0              ; Untyped                            ;
; LPM_REMAINDERPOSITIVE  ; TRUE           ; Untyped                            ;
; MAXIMIZE_SPEED         ; 5              ; Untyped                            ;
; CBXI_PARAMETER         ; lpm_divide_c2m ; Untyped                            ;
; CARRY_CHAIN            ; MANUAL         ; Untyped                            ;
; OPTIMIZE_FOR_SPEED     ; 5              ; Untyped                            ;
; AUTO_CARRY_CHAINS      ; ON             ; AUTO_CARRY                         ;
; IGNORE_CARRY_BUFFERS   ; OFF            ; IGNORE_CARRY                       ;
; AUTO_CASCADE_CHAINS    ; ON             ; AUTO_CASCADE                       ;
; IGNORE_CASCADE_BUFFERS ; OFF            ; IGNORE_CASCADE                     ;
+------------------------+----------------+------------------------------------+
Note: In order to hide this table in the UI and the text report file, please set the "Show Parameter Settings in Synthesis Report" option in "Analysis and Synthesis Settings -> More Settings" to "Off".


+------------------------------------------------------------------------------+
; Parameter Settings for Inferred Entity Instance: binToBCD:U5|lpm_divide:Div0 ;
+------------------------+----------------+------------------------------------+
; Parameter Name         ; Value          ; Type                               ;
+------------------------+----------------+------------------------------------+
; LPM_WIDTHN             ; 7              ; Untyped                            ;
; LPM_WIDTHD             ; 4              ; Untyped                            ;
; LPM_NREPRESENTATION    ; UNSIGNED       ; Untyped                            ;
; LPM_DREPRESENTATION    ; UNSIGNED       ; Untyped                            ;
; LPM_PIPELINE           ; 0              ; Untyped                            ;
; LPM_REMAINDERPOSITIVE  ; TRUE           ; Untyped                            ;
; MAXIMIZE_SPEED         ; 5              ; Untyped                            ;
; CBXI_PARAMETER         ; lpm_divide_4am ; Untyped                            ;
; CARRY_CHAIN            ; MANUAL         ; Untyped                            ;
; OPTIMIZE_FOR_SPEED     ; 5              ; Untyped                            ;
; AUTO_CARRY_CHAINS      ; ON             ; AUTO_CARRY                         ;
; IGNORE_CARRY_BUFFERS   ; OFF            ; IGNORE_CARRY                       ;
; AUTO_CASCADE_CHAINS    ; ON             ; AUTO_CASCADE                       ;
; IGNORE_CASCADE_BUFFERS ; OFF            ; IGNORE_CASCADE                     ;
+------------------------+----------------+------------------------------------+
Note: In order to hide this table in the UI and the text report file, please set the "Show Parameter Settings in Synthesis Report" option in "Analysis and Synthesis Settings -> More Settings" to "Off".


+-------------------------------------------------------------------------------------+
; Parameter Settings for Inferred Entity Instance: binToBCD_minute:U6|lpm_divide:Mod0 ;
+------------------------+----------------+-------------------------------------------+
; Parameter Name         ; Value          ; Type                                      ;
+------------------------+----------------+-------------------------------------------+
; LPM_WIDTHN             ; 9              ; Untyped                                   ;
; LPM_WIDTHD             ; 4              ; Untyped                                   ;
; LPM_NREPRESENTATION    ; UNSIGNED       ; Untyped                                   ;
; LPM_DREPRESENTATION    ; UNSIGNED       ; Untyped                                   ;
; LPM_PIPELINE           ; 0              ; Untyped                                   ;
; LPM_REMAINDERPOSITIVE  ; TRUE           ; Untyped                                   ;
; MAXIMIZE_SPEED         ; 5              ; Untyped                                   ;
; CBXI_PARAMETER         ; lpm_divide_92m ; Untyped                                   ;
; CARRY_CHAIN            ; MANUAL         ; Untyped                                   ;
; OPTIMIZE_FOR_SPEED     ; 5              ; Untyped                                   ;
; AUTO_CARRY_CHAINS      ; ON             ; AUTO_CARRY                                ;
; IGNORE_CARRY_BUFFERS   ; OFF            ; IGNORE_CARRY                              ;
; AUTO_CASCADE_CHAINS    ; ON             ; AUTO_CASCADE                              ;
; IGNORE_CASCADE_BUFFERS ; OFF            ; IGNORE_CASCADE                            ;
+------------------------+----------------+-------------------------------------------+
Note: In order to hide this table in the UI and the text report file, please set the "Show Parameter Settings in Synthesis Report" option in "Analysis and Synthesis Settings -> More Settings" to "Off".


+-------------------------------------------------------------------------------------+
; Parameter Settings for Inferred Entity Instance: binToBCD_minute:U6|lpm_divide:Mod1 ;
+------------------------+----------------+-------------------------------------------+
; Parameter Name         ; Value          ; Type                                      ;
+------------------------+----------------+-------------------------------------------+
; LPM_WIDTHN             ; 9              ; Untyped                                   ;
; LPM_WIDTHD             ; 7              ; Untyped                                   ;
; LPM_NREPRESENTATION    ; UNSIGNED       ; Untyped                                   ;
; LPM_DREPRESENTATION    ; UNSIGNED       ; Untyped                                   ;
; LPM_PIPELINE           ; 0              ; Untyped                                   ;
; LPM_REMAINDERPOSITIVE  ; TRUE           ; Untyped                                   ;
; MAXIMIZE_SPEED         ; 5              ; Untyped                                   ;
; CBXI_PARAMETER         ; lpm_divide_c2m ; Untyped                                   ;
; CARRY_CHAIN            ; MANUAL         ; Untyped                                   ;
; OPTIMIZE_FOR_SPEED     ; 5              ; Untyped                                   ;
; AUTO_CARRY_CHAINS      ; ON             ; AUTO_CARRY                                ;
; IGNORE_CARRY_BUFFERS   ; OFF            ; IGNORE_CARRY                              ;
; AUTO_CASCADE_CHAINS    ; ON             ; AUTO_CASCADE                              ;
; IGNORE_CASCADE_BUFFERS ; OFF            ; IGNORE_CASCADE                            ;
+------------------------+----------------+-------------------------------------------+
Note: In order to hide this table in the UI and the text report file, please set the "Show Parameter Settings in Synthesis Report" option in "Analysis and Synthesis Settings -> More Settings" to "Off".


+-------------------------------------------------------------------------------------+
; Parameter Settings for Inferred Entity Instance: binToBCD_minute:U6|lpm_divide:Div0 ;
+------------------------+----------------+-------------------------------------------+
; Parameter Name         ; Value          ; Type                                      ;
+------------------------+----------------+-------------------------------------------+
; LPM_WIDTHN             ; 7              ; Untyped                                   ;
; LPM_WIDTHD             ; 4              ; Untyped                                   ;
; LPM_NREPRESENTATION    ; UNSIGNED       ; Untyped                                   ;
; LPM_DREPRESENTATION    ; UNSIGNED       ; Untyped                                   ;
; LPM_PIPELINE           ; 0              ; Untyped                                   ;
; LPM_REMAINDERPOSITIVE  ; TRUE           ; Untyped                                   ;
; MAXIMIZE_SPEED         ; 5              ; Untyped                                   ;
; CBXI_PARAMETER         ; lpm_divide_4am ; Untyped                                   ;
; CARRY_CHAIN            ; MANUAL         ; Untyped                                   ;
; OPTIMIZE_FOR_SPEED     ; 5              ; Untyped                                   ;
; AUTO_CARRY_CHAINS      ; ON             ; AUTO_CARRY                                ;
; IGNORE_CARRY_BUFFERS   ; OFF            ; IGNORE_CARRY                              ;
; AUTO_CASCADE_CHAINS    ; ON             ; AUTO_CASCADE                              ;
; IGNORE_CASCADE_BUFFERS ; OFF            ; IGNORE_CASCADE                            ;
+------------------------+----------------+-------------------------------------------+
Note: In order to hide this table in the UI and the text report file, please set the "Show Parameter Settings in Synthesis Report" option in "Analysis and Synthesis Settings -> More Settings" to "Off".


+------------------------------------------------------------------------------------------------------------------------------------------------------------------------------------------------------+
; Port Connectivity Checks: "counter:U3"                                                                                                                                                               ;
+----------+--------+----------+-----------------------------------------------------------------------------------------------------------------------------------------------------------------------+
; Port     ; Type   ; Severity ; Details                                                                                                                                                               ;
+----------+--------+----------+-----------------------------------------------------------------------------------------------------------------------------------------------------------------------+
; Q        ; Output ; Warning  ; Output or bidir port (8 bits) is smaller than the port expression (9 bits) it drives.  The 1 most-significant bit(s) in the port expression will be connected to GND. ;
; Rollover ; Output ; Info     ; Connected to dangling logic. Logic that only feeds a dangling port will be removed.                                                                                   ;
+----------+--------+----------+-----------------------------------------------------------------------------------------------------------------------------------------------------------------------+


+--------------------------------------------------------------------------------------------------------------------------------------------------------------------------------------------------+
; Port Connectivity Checks: "counter:U2"                                                                                                                                                           ;
+------+--------+----------+-----------------------------------------------------------------------------------------------------------------------------------------------------------------------+
; Port ; Type   ; Severity ; Details                                                                                                                                                               ;
+------+--------+----------+-----------------------------------------------------------------------------------------------------------------------------------------------------------------------+
; Q    ; Output ; Warning  ; Output or bidir port (8 bits) is smaller than the port expression (9 bits) it drives.  The 1 most-significant bit(s) in the port expression will be connected to GND. ;
+------+--------+----------+-----------------------------------------------------------------------------------------------------------------------------------------------------------------------+


+--------------------------------------------------------------------------------------------------------------------------------------------------------------------------------------------------+
; Port Connectivity Checks: "counter:U1"                                                                                                                                                           ;
+------+--------+----------+-----------------------------------------------------------------------------------------------------------------------------------------------------------------------+
; Port ; Type   ; Severity ; Details                                                                                                                                                               ;
+------+--------+----------+-----------------------------------------------------------------------------------------------------------------------------------------------------------------------+
; Q    ; Output ; Warning  ; Output or bidir port (8 bits) is smaller than the port expression (9 bits) it drives.  The 1 most-significant bit(s) in the port expression will be connected to GND. ;
+------+--------+----------+-----------------------------------------------------------------------------------------------------------------------------------------------------------------------+


+--------------------------------------------------------------------------------------------------------------------+
; Port Connectivity Checks: "counter:U0"                                                                             ;
+----------+--------+----------+-------------------------------------------------------------------------------------+
; Port     ; Type   ; Severity ; Details                                                                             ;
+----------+--------+----------+-------------------------------------------------------------------------------------+
; Q[20..8] ; Output ; Info     ; Connected to dangling logic. Logic that only feeds a dangling port will be removed. ;
+----------+--------+----------+-------------------------------------------------------------------------------------+


+-----------------------------------------------------+
; Post-Synthesis Netlist Statistics for Top Partition ;
+-----------------------+-----------------------------+
; Type                  ; Count                       ;
+-----------------------+-----------------------------+
; arriav_ff             ; 49                          ;
;     CLR               ; 3                           ;
;     CLR SCLR          ; 45                          ;
;     plain             ; 1                           ;
; arriav_lcell_comb     ; 586                         ;
;     arith             ; 291                         ;
;         0 data inputs ; 66                          ;
;         1 data inputs ; 72                          ;
;         2 data inputs ; 18                          ;
;         3 data inputs ; 81                          ;
;         4 data inputs ; 54                          ;
;     extend            ; 3                           ;
;         7 data inputs ; 3                           ;
;     normal            ; 253                         ;
;         0 data inputs ; 1                           ;
;         1 data inputs ; 6                           ;
;         2 data inputs ; 117                         ;
;         3 data inputs ; 53                          ;
;         4 data inputs ; 54                          ;
;         5 data inputs ; 12                          ;
;         6 data inputs ; 10                          ;
;     shared            ; 39                          ;
;         0 data inputs ; 12                          ;
;         1 data inputs ; 27                          ;
; boundary_port         ; 64                          ;
;                       ;                             ;
; Max LUT depth         ; 15.60                       ;
; Average LUT depth     ; 11.02                       ;
+-----------------------+-----------------------------+


+-------------------------------+
; Elapsed Time Per Partition    ;
+----------------+--------------+
; Partition Name ; Elapsed Time ;
+----------------+--------------+
; Top            ; 00:00:01     ;
+----------------+--------------+


+-------------------------------+
; Analysis & Synthesis Messages ;
+-------------------------------+
Info: *******************************************************************
Info: Running Quartus Prime Analysis & Synthesis
    Info: Version 18.1.0 Build 625 09/12/2018 SJ Lite Edition
    Info: Processing started: Sun Nov 19 20:51:24 2023
Info: Command: quartus_map --read_settings_files=on --write_settings_files=off part3 -c part3
Warning (18236): Number of processors has not been specified which may cause overloading on shared machines.  Set the global assignment NUM_PARALLEL_PROCESSORS in your QSF to an appropriate value for best performance.
Info (20030): Parallel compilation is enabled and will use 4 of the 4 processors detected
Info (12021): Found 1 design units, including 1 entities, in source file de1_soc_golden_top.v
    Info (12023): Found entity 1: DE1_SOC_golden_top File: D:/project3_m1_l5_p3/DE1_SOC_golden_top.v Line: 54
Info (12021): Found 1 design units, including 1 entities, in source file bcdtohex.v
    Info (12023): Found entity 1: BCDToHex File: D:/project3_m1_l5_p3/BCDToHex.v Line: 1
Info (12021): Found 1 design units, including 1 entities, in source file bintobcd.v
    Info (12023): Found entity 1: binToBCD File: D:/project3_m1_l5_p3/binToBCD.v Line: 1
Info (12021): Found 1 design units, including 1 entities, in source file counter.v
    Info (12023): Found entity 1: counter File: D:/project3_m1_l5_p3/counter.v Line: 4
Info (12021): Found 1 design units, including 1 entities, in source file part3.v
    Info (12023): Found entity 1: part3 File: D:/project3_m1_l5_p3/part3.v Line: 3
Info (12021): Found 1 design units, including 1 entities, in source file bintobcd_minute.v
    Info (12023): Found entity 1: binToBCD_minute File: D:/project3_m1_l5_p3/binToBCD_minute.v Line: 1
Warning (10236): Verilog HDL Implicit Net warning at part3.v(80): created implicit net for "r" File: D:/project3_m1_l5_p3/part3.v Line: 80
Info (12127): Elaborating entity "part3" for the top level hierarchy
Warning (10034): Output port "LEDR[8]" at part3.v(7) has no driver File: D:/project3_m1_l5_p3/part3.v Line: 7
Info (12128): Elaborating entity "counter" for hierarchy "counter:U0" File: D:/project3_m1_l5_p3/part3.v Line: 53
Info (12128): Elaborating entity "counter" for hierarchy "counter:U1" File: D:/project3_m1_l5_p3/part3.v Line: 62
Info (12128): Elaborating entity "counter" for hierarchy "counter:U2" File: D:/project3_m1_l5_p3/part3.v Line: 71
Info (12128): Elaborating entity "binToBCD" for hierarchy "binToBCD:U4" File: D:/project3_m1_l5_p3/part3.v Line: 88
Warning (10230): Verilog HDL assignment warning at binToBCD.v(6): truncated value with size 32 to match size of target (4) File: D:/project3_m1_l5_p3/binToBCD.v Line: 6
Warning (10230): Verilog HDL assignment warning at binToBCD.v(7): truncated value with size 32 to match size of target (4) File: D:/project3_m1_l5_p3/binToBCD.v Line: 7
Info (12128): Elaborating entity "binToBCD_minute" for hierarchy "binToBCD_minute:U6" File: D:/project3_m1_l5_p3/part3.v Line: 100
Warning (10230): Verilog HDL assignment warning at binToBCD_minute.v(23): truncated value with size 32 to match size of target (4) File: D:/project3_m1_l5_p3/binToBCD_minute.v Line: 23
Warning (10230): Verilog HDL assignment warning at binToBCD_minute.v(24): truncated value with size 32 to match size of target (4) File: D:/project3_m1_l5_p3/binToBCD_minute.v Line: 24
Info (12128): Elaborating entity "BCDToHex" for hierarchy "BCDToHex:U7" File: D:/project3_m1_l5_p3/part3.v Line: 106
Warning (10230): Verilog HDL assignment warning at BCDToHex.v(9): truncated value with size 8 to match size of target (7) File: D:/project3_m1_l5_p3/BCDToHex.v Line: 9
Warning (10230): Verilog HDL assignment warning at BCDToHex.v(10): truncated value with size 8 to match size of target (7) File: D:/project3_m1_l5_p3/BCDToHex.v Line: 10
Warning (10230): Verilog HDL assignment warning at BCDToHex.v(11): truncated value with size 8 to match size of target (7) File: D:/project3_m1_l5_p3/BCDToHex.v Line: 11
Warning (10230): Verilog HDL assignment warning at BCDToHex.v(12): truncated value with size 8 to match size of target (7) File: D:/project3_m1_l5_p3/BCDToHex.v Line: 12
Warning (10230): Verilog HDL assignment warning at BCDToHex.v(13): truncated value with size 8 to match size of target (7) File: D:/project3_m1_l5_p3/BCDToHex.v Line: 13
Warning (10230): Verilog HDL assignment warning at BCDToHex.v(14): truncated value with size 8 to match size of target (7) File: D:/project3_m1_l5_p3/BCDToHex.v Line: 14
Warning (10230): Verilog HDL assignment warning at BCDToHex.v(15): truncated value with size 8 to match size of target (7) File: D:/project3_m1_l5_p3/BCDToHex.v Line: 15
Warning (10230): Verilog HDL assignment warning at BCDToHex.v(16): truncated value with size 8 to match size of target (7) File: D:/project3_m1_l5_p3/BCDToHex.v Line: 16
Warning (10230): Verilog HDL assignment warning at BCDToHex.v(17): truncated value with size 8 to match size of target (7) File: D:/project3_m1_l5_p3/BCDToHex.v Line: 17
Warning (10230): Verilog HDL assignment warning at BCDToHex.v(18): truncated value with size 8 to match size of target (7) File: D:/project3_m1_l5_p3/BCDToHex.v Line: 18
Warning (10230): Verilog HDL assignment warning at BCDToHex.v(19): truncated value with size 8 to match size of target (7) File: D:/project3_m1_l5_p3/BCDToHex.v Line: 19
Warning (10230): Verilog HDL assignment warning at BCDToHex.v(20): truncated value with size 8 to match size of target (7) File: D:/project3_m1_l5_p3/BCDToHex.v Line: 20
Warning (10230): Verilog HDL assignment warning at BCDToHex.v(21): truncated value with size 8 to match size of target (7) File: D:/project3_m1_l5_p3/BCDToHex.v Line: 21
Warning (10230): Verilog HDL assignment warning at BCDToHex.v(22): truncated value with size 8 to match size of target (7) File: D:/project3_m1_l5_p3/BCDToHex.v Line: 22
Warning (10230): Verilog HDL assignment warning at BCDToHex.v(23): truncated value with size 8 to match size of target (7) File: D:/project3_m1_l5_p3/BCDToHex.v Line: 23
Warning (10230): Verilog HDL assignment warning at BCDToHex.v(24): truncated value with size 8 to match size of target (7) File: D:/project3_m1_l5_p3/BCDToHex.v Line: 24
Warning (10230): Verilog HDL assignment warning at BCDToHex.v(25): truncated value with size 8 to match size of target (7) File: D:/project3_m1_l5_p3/BCDToHex.v Line: 25
Warning (12011): Net is missing source, defaulting to GND
    Warning (12110): Net "MinuteCount[8]" is missing source, defaulting to GND File: D:/project3_m1_l5_p3/part3.v Line: 37
Warning (12011): Net is missing source, defaulting to GND
    Warning (12110): Net "SecondCount[8]" is missing source, defaulting to GND File: D:/project3_m1_l5_p3/part3.v Line: 37
    Warning (12110): Net "MinuteCount[8]" is missing source, defaulting to GND File: D:/project3_m1_l5_p3/part3.v Line: 37
Warning (12011): Net is missing source, defaulting to GND
    Warning (12110): Net "CentiCount[8]" is missing source, defaulting to GND File: D:/project3_m1_l5_p3/part3.v Line: 37
    Warning (12110): Net "SecondCount[8]" is missing source, defaulting to GND File: D:/project3_m1_l5_p3/part3.v Line: 37
    Warning (12110): Net "MinuteCount[8]" is missing source, defaulting to GND File: D:/project3_m1_l5_p3/part3.v Line: 37
Warning (12011): Net is missing source, defaulting to GND
    Warning (12110): Net "CentiCount[8]" is missing source, defaulting to GND File: D:/project3_m1_l5_p3/part3.v Line: 37
    Warning (12110): Net "SecondCount[8]" is missing source, defaulting to GND File: D:/project3_m1_l5_p3/part3.v Line: 37
    Warning (12110): Net "MinuteCount[8]" is missing source, defaulting to GND File: D:/project3_m1_l5_p3/part3.v Line: 37
Info (278001): Inferred 9 megafunctions from design logic
    Info (278004): Inferred divider/modulo megafunction ("lpm_divide") from the following logic: "binToBCD:U4|Mod0" File: D:/project3_m1_l5_p3/binToBCD.v Line: 6
    Info (278004): Inferred divider/modulo megafunction ("lpm_divide") from the following logic: "binToBCD:U4|Mod1" File: D:/project3_m1_l5_p3/binToBCD.v Line: 7
    Info (278004): Inferred divider/modulo megafunction ("lpm_divide") from the following logic: "binToBCD:U4|Div0" File: D:/project3_m1_l5_p3/binToBCD.v Line: 7
    Info (278004): Inferred divider/modulo megafunction ("lpm_divide") from the following logic: "binToBCD:U5|Mod0" File: D:/project3_m1_l5_p3/binToBCD.v Line: 6
    Info (278004): Inferred divider/modulo megafunction ("lpm_divide") from the following logic: "binToBCD:U5|Mod1" File: D:/project3_m1_l5_p3/binToBCD.v Line: 7
    Info (278004): Inferred divider/modulo megafunction ("lpm_divide") from the following logic: "binToBCD:U5|Div0" File: D:/project3_m1_l5_p3/binToBCD.v Line: 7
    Info (278004): Inferred divider/modulo megafunction ("lpm_divide") from the following logic: "binToBCD_minute:U6|Mod0" File: D:/project3_m1_l5_p3/binToBCD_minute.v Line: 23
    Info (278004): Inferred divider/modulo megafunction ("lpm_divide") from the following logic: "binToBCD_minute:U6|Mod1" File: D:/project3_m1_l5_p3/binToBCD_minute.v Line: 24
    Info (278004): Inferred divider/modulo megafunction ("lpm_divide") from the following logic: "binToBCD_minute:U6|Div0" File: D:/project3_m1_l5_p3/binToBCD_minute.v Line: 24
Info (12130): Elaborated megafunction instantiation "binToBCD:U4|lpm_divide:Mod0" File: D:/project3_m1_l5_p3/binToBCD.v Line: 6
Info (12133): Instantiated megafunction "binToBCD:U4|lpm_divide:Mod0" with the following parameter: File: D:/project3_m1_l5_p3/binToBCD.v Line: 6
    Info (12134): Parameter "LPM_WIDTHN" = "9"
    Info (12134): Parameter "LPM_WIDTHD" = "4"
    Info (12134): Parameter "LPM_NREPRESENTATION" = "UNSIGNED"
    Info (12134): Parameter "LPM_DREPRESENTATION" = "UNSIGNED"
Info (12021): Found 1 design units, including 1 entities, in source file db/lpm_divide_92m.tdf
    Info (12023): Found entity 1: lpm_divide_92m File: D:/project3_m1_l5_p3/db/lpm_divide_92m.tdf Line: 24
Info (12021): Found 1 design units, including 1 entities, in source file db/sign_div_unsign_ckh.tdf
    Info (12023): Found entity 1: sign_div_unsign_ckh File: D:/project3_m1_l5_p3/db/sign_div_unsign_ckh.tdf Line: 24
Info (12021): Found 1 design units, including 1 entities, in source file db/alt_u_div_use.tdf
    Info (12023): Found entity 1: alt_u_div_use File: D:/project3_m1_l5_p3/db/alt_u_div_use.tdf Line: 22
Info (12130): Elaborated megafunction instantiation "binToBCD:U4|lpm_divide:Mod1" File: D:/project3_m1_l5_p3/binToBCD.v Line: 7
Info (12133): Instantiated megafunction "binToBCD:U4|lpm_divide:Mod1" with the following parameter: File: D:/project3_m1_l5_p3/binToBCD.v Line: 7
    Info (12134): Parameter "LPM_WIDTHN" = "9"
    Info (12134): Parameter "LPM_WIDTHD" = "7"
    Info (12134): Parameter "LPM_NREPRESENTATION" = "UNSIGNED"
    Info (12134): Parameter "LPM_DREPRESENTATION" = "UNSIGNED"
Info (12021): Found 1 design units, including 1 entities, in source file db/lpm_divide_c2m.tdf
    Info (12023): Found entity 1: lpm_divide_c2m File: D:/project3_m1_l5_p3/db/lpm_divide_c2m.tdf Line: 24
Info (12021): Found 1 design units, including 1 entities, in source file db/sign_div_unsign_fkh.tdf
    Info (12023): Found entity 1: sign_div_unsign_fkh File: D:/project3_m1_l5_p3/db/sign_div_unsign_fkh.tdf Line: 24
Info (12021): Found 1 design units, including 1 entities, in source file db/alt_u_div_4te.tdf
    Info (12023): Found entity 1: alt_u_div_4te File: D:/project3_m1_l5_p3/db/alt_u_div_4te.tdf Line: 22
Info (12130): Elaborated megafunction instantiation "binToBCD:U4|lpm_divide:Div0" File: D:/project3_m1_l5_p3/binToBCD.v Line: 7
Info (12133): Instantiated megafunction "binToBCD:U4|lpm_divide:Div0" with the following parameter: File: D:/project3_m1_l5_p3/binToBCD.v Line: 7
    Info (12134): Parameter "LPM_WIDTHN" = "7"
    Info (12134): Parameter "LPM_WIDTHD" = "4"
    Info (12134): Parameter "LPM_NREPRESENTATION" = "UNSIGNED"
    Info (12134): Parameter "LPM_DREPRESENTATION" = "UNSIGNED"
Info (12021): Found 1 design units, including 1 entities, in source file db/lpm_divide_4am.tdf
    Info (12023): Found entity 1: lpm_divide_4am File: D:/project3_m1_l5_p3/db/lpm_divide_4am.tdf Line: 24
Info (12021): Found 1 design units, including 1 entities, in source file db/sign_div_unsign_akh.tdf
    Info (12023): Found entity 1: sign_div_unsign_akh File: D:/project3_m1_l5_p3/db/sign_div_unsign_akh.tdf Line: 24
Info (12021): Found 1 design units, including 1 entities, in source file db/alt_u_div_qse.tdf
    Info (12023): Found entity 1: alt_u_div_qse File: D:/project3_m1_l5_p3/db/alt_u_div_qse.tdf Line: 22
Warning (12241): 3 hierarchies have connectivity warnings - see the Connectivity Checks report folder
Warning (13024): Output pins are stuck at VCC or GND
    Warning (13410): Pin "LEDR[8]" is stuck at GND File: D:/project3_m1_l5_p3/part3.v Line: 7
Info (286030): Timing-Driven Synthesis is running
Info (16010): Generating hard_block partition "hard_block:auto_generated_inst"
    Info (16011): Adding 0 node(s), including 0 DDIO, 0 PLL, 0 transceiver and 0 LCELL
Info (21057): Implemented 647 device resources after synthesis - the final resource count might be different
    Info (21058): Implemented 12 input pins
    Info (21059): Implemented 52 output pins
    Info (21061): Implemented 583 logic cells
Info: Quartus Prime Analysis & Synthesis was successful. 0 errors, 40 warnings
    Info: Peak virtual memory: 4840 megabytes
    Info: Processing ended: Sun Nov 19 20:51:39 2023
    Info: Elapsed time: 00:00:15
    Info: Total CPU time (on all processors): 00:00:33


