Resource Report
Microsemi Corporation - Microsemi Libero Software Release v12.6 (Version 12.900.20.24)
Date: Sun Oct 29 14:46:27 2023

Device Selection
+--------------------------------+----------------+
| Family                         | SmartFusion2   |
| Device                         | M2S010         |
| Package                        | 144 TQ         |
| Speed Grade                    | STD            |
| Temp                           | 0:25:85        |
| Voltage                        | 1.26:1.20:1.14 |
| Core Voltage                   | 1.2V           |
| Ramp Rate                      | 100ms Minimum  |
| System Controller Suspend Mode | No             |
| PLL Supply Voltage             | 2.5V           |
| Default I/O technology         | LVCMOS 2.5V    |
| Restrict Probe Pins            | Yes            |
| Restrict SPI Pins              | No             |
+--------------------------------+----------------+

Source Files
+---------+--------------------------------------------------------------+
| Topcell | NBitCounter                                                  |
| Format  | Verilog                                                      |
| Source  | C:\Microsemi_Prj\Project2\P2M3\P2M3\synthesis\NBitCounter.vm |
+---------+--------------------------------------------------------------+

Options
+----------------------------------------------------+-------+
| Enable Single Event Transient mitigation           | false |
| Enable Design Separation Methodology               | false |
| Limit the number of high fanout nets to display to | 10    |
+----------------------------------------------------+-------+

Resource Usage
+---------------------------+------+-------+------------+
| Type                      | Used | Total | Percentage |
+---------------------------+------+-------+------------+
| 4LUT                      | 22   | 12084 | 0.18       |
| DFF                       | 16   | 12084 | 0.13       |
| I/O Register              | 0    | 252   | 0.00       |
| User I/O                  | 20   | 84    | 23.81      |
| -- Single-ended I/O       | 20   | 84    | 23.81      |
| -- Differential I/O Pairs | 0    | 37    | 0.00       |
| RAM64x18                  | 0    | 22    | 0.00       |
| RAM1K18                   | 0    | 21    | 0.00       |
| MACC                      | 0    | 22    | 0.00       |
| Chip Globals              | 2    | 8     | 25.00      |
| CCC                       | 0    | 2     | 0.00       |
| RCOSC_25_50MHZ            | 0    | 1     | 0.00       |
| RCOSC_1MHZ                | 0    | 1     | 0.00       |
| XTLOSC                    | 0    | 1     | 0.00       |
| MSS                       | 0    | 1     | 0.00       |
+---------------------------+------+-------+------------+

Detailed Logic Resource Usage
+--------------------------+------+-----+
| Type                     | 4LUT | DFF |
+--------------------------+------+-----+
| Fabric Logic             | 22   | 16  |
| RAM64x18 Interface Logic | 0    | 0   |
| RAM1K18 Interface Logic  | 0    | 0   |
| MACC Interface Logic     | 0    | 0   |
| Total Used               | 22   | 16  |
+--------------------------+------+-----+

Detailed Carry Chains Resource Usage
+--------+------+
| Length | Used |
| 16     | 1    |
| Total  | 1    |
+--------+------+

I/O Function
+-------------------------------+--------------+-------------+-----------------+
| Type                          | w/o register | w/ register | w/ DDR register |
+-------------------------------+--------------+-------------+-----------------+
| Input I/O                     | 3            | 0           | 0               |
| Output I/O                    | 17           | 0           | 0               |
| Bidirectional I/O             | 0            | 0           | 0               |
| Differential Input I/O Pairs  | 0            | 0           | 0               |
| Differential Output I/O Pairs | 0            | 0           | 0               |
+-------------------------------+--------------+-------------+-----------------+

I/O Technology
+--------------+--------+------+-------+--------+---------------+
| I/O Standard | Vddi   | Vref | Input | Output | Bidirectional |
+--------------+--------+------+-------+--------+---------------+
| LVCMOS25     |  2.50v |  N/A |  3    |  17    |  0            |
+--------------+--------+------+-------+--------+---------------+

Nets assigned to chip global resources
+--------+---------+------------------------------------+
| Fanout | Type    | Name                               |
+--------+---------+------------------------------------+
| 16     | INT_NET | Net   : clk_c                      |
|        |         | Driver: clk_ibuf_RNIVTI2/U0_RGB1   |
|        |         | Source: NETLIST                    |
| 16     | INT_NET | Net   : reset_c                    |
|        |         | Driver: reset_ibuf_RNI8255/U0_RGB1 |
|        |         | Source: NETLIST                    |
+--------+---------+------------------------------------+

Nets assigned to row global resources
+--------+------+------+
| Fanout | Type | Name |
+--------+------+------+
+--------+------+------+

High fanout nets
+--------+---------+---------------------+
| Fanout | Type    | Name                |
+--------+---------+---------------------+
| 16     | INT_NET | Net   : counte_c    |
|        |         | Driver: enable_ibuf |
| 4      | INT_NET | Net   : count_c[0]  |
|        |         | Driver: count_Z[0]  |
| 3      | INT_NET | Net   : count_c[15] |
|        |         | Driver: count_Z[15] |
| 3      | INT_NET | Net   : count_c[14] |
|        |         | Driver: count_Z[14] |
| 3      | INT_NET | Net   : count_c[13] |
|        |         | Driver: count_Z[13] |
| 3      | INT_NET | Net   : count_c[12] |
|        |         | Driver: count_Z[12] |
| 3      | INT_NET | Net   : count_c[11] |
|        |         | Driver: count_Z[11] |
| 3      | INT_NET | Net   : count_c[10] |
|        |         | Driver: count_Z[10] |
| 3      | INT_NET | Net   : count_c[9]  |
|        |         | Driver: count_Z[9]  |
| 3      | INT_NET | Net   : count_c[8]  |
|        |         | Driver: count_Z[8]  |
+--------+---------+---------------------+

High fanout nets (through buffer trees)
+--------+---------+---------------------+
| Fanout | Type    | Name                |
+--------+---------+---------------------+
| 16     | INT_NET | Net   : counte_c    |
|        |         | Driver: enable_ibuf |
| 4      | INT_NET | Net   : count_c[0]  |
|        |         | Driver: count_Z[0]  |
| 3      | INT_NET | Net   : count_c[15] |
|        |         | Driver: count_Z[15] |
| 3      | INT_NET | Net   : count_c[14] |
|        |         | Driver: count_Z[14] |
| 3      | INT_NET | Net   : count_c[13] |
|        |         | Driver: count_Z[13] |
| 3      | INT_NET | Net   : count_c[12] |
|        |         | Driver: count_Z[12] |
| 3      | INT_NET | Net   : count_c[11] |
|        |         | Driver: count_Z[11] |
| 3      | INT_NET | Net   : count_c[10] |
|        |         | Driver: count_Z[10] |
| 3      | INT_NET | Net   : count_c[9]  |
|        |         | Driver: count_Z[9]  |
| 3      | INT_NET | Net   : count_c[8]  |
|        |         | Driver: count_Z[8]  |
+--------+---------+---------------------+

