One matching license found for this product: synplifypro_actel

Starting:    D:\Microsemi\Libero_SoC_v12.6\SynplifyPro\bin64\mbin\synbatch.exe
Install:     D:\Microsemi\Libero_SoC_v12.6\SynplifyPro
Hostname:    STARGATE-COMMAN
Date:        Tue Oct 17 19:42:49 2023
Version:     Q-2020.03M-SP1

Arguments:   -product synplify_pro -batch -log synplify.log Shifter_syn.tcl
ProductType: synplify_pro

License checkout: synplifypro_actel
License: synplifypro_actel node-locked 
Licensed Vendor: actel
License Option: actel_oem

Running in Vendor Mode

"automatic_compile_point" is unrecognized option for current device
Implementation not found: synthesis
log file: "X:\Graduate\ECEN5863\ProgrammableLogicProjects\Project2\Module1\SmartTimeTutorial\Shifter\Shifter\synthesis\Shifter.srr"
Running: synthesis in foreground

Running Shifter_syn|synthesis

Running Flow: compile (Compile) on Shifter_syn|synthesis
# Tue Oct 17 19:42:49 2023

Running Flow: compile_flow (Compile Process) on Shifter_syn|synthesis
# Tue Oct 17 19:42:49 2023

Running: compiler (Compile Input) on Shifter_syn|synthesis
# Tue Oct 17 19:42:49 2023
Copied X:\Graduate\ECEN5863\ProgrammableLogicProjects\Project2\Module1\SmartTimeTutorial\Shifter\Shifter\synthesis\synwork\Shifter_comp.srs to X:\Graduate\ECEN5863\ProgrammableLogicProjects\Project2\Module1\SmartTimeTutorial\Shifter\Shifter\synthesis\Shifter.srs

compiler completed
# Tue Oct 17 19:42:51 2023

Return Code: 0
Run Time:00h:00m:02s

Running: multi_srs_gen (Multi-srs Generator) on Shifter_syn|synthesis
# Tue Oct 17 19:42:51 2023

multi_srs_gen completed
# Tue Oct 17 19:42:51 2023

Return Code: 0
Run Time:00h:00m:00s
Copied X:\Graduate\ECEN5863\ProgrammableLogicProjects\Project2\Module1\SmartTimeTutorial\Shifter\Shifter\synthesis\synwork\Shifter_mult.srs to X:\Graduate\ECEN5863\ProgrammableLogicProjects\Project2\Module1\SmartTimeTutorial\Shifter\Shifter\synthesis\Shifter.srs
Complete: Compile Process on Shifter_syn|synthesis

Running: premap (Premap) on Shifter_syn|synthesis
# Tue Oct 17 19:42:51 2023

premap completed with warnings
# Tue Oct 17 19:42:53 2023

Return Code: 1
Run Time:00h:00m:02s
Complete: Compile on Shifter_syn|synthesis

Running Flow: map (Map) on Shifter_syn|synthesis
# Tue Oct 17 19:42:53 2023
License granted for 4 parallel jobs

Running: fpga_mapper (Map & Optimize) on Shifter_syn|synthesis
# Tue Oct 17 19:42:53 2023
Copied X:\Graduate\ECEN5863\ProgrammableLogicProjects\Project2\Module1\SmartTimeTutorial\Shifter\Shifter\synthesis\synwork\Shifter_m.srm to X:\Graduate\ECEN5863\ProgrammableLogicProjects\Project2\Module1\SmartTimeTutorial\Shifter\Shifter\synthesis\Shifter.srm

fpga_mapper completed with warnings
# Tue Oct 17 19:42:55 2023

Return Code: 1
Run Time:00h:00m:02s
Complete: Map on Shifter_syn|synthesis
Complete: Logic Synthesis on Shifter_syn|synthesis
Copied X:\Graduate\ECEN5863\ProgrammableLogicProjects\Project2\Module1\SmartTimeTutorial\Shifter\Shifter\synthesis\Shifter.srr to X:\Graduate\ECEN5863\ProgrammableLogicProjects\Project2\Module1\SmartTimeTutorial\Shifter\Shifter\synthesis\backup\Shifter.srr
TCL script complete: "Shifter_syn.tcl"
exit status=0
exit status=0
License checkin: synplifypro_actel
