One matching license found for this product: synplifypro_actel

Starting:    D:\Microsemi\Libero_SoC_v12.6\SynplifyPro\bin64\mbin\synbatch.exe
Install:     D:\Microsemi\Libero_SoC_v12.6\SynplifyPro
Hostname:    STARGATE-COMMAN
Date:        Sun Oct 22 10:13:48 2023
Version:     Q-2020.03M-SP1

Arguments:   -product synplify_pro -batch -log synplify.log MakerDemo_syn.tcl
ProductType: synplify_pro

License checkout: synplifypro_actel
License: synplifypro_actel node-locked 
Licensed Vendor: actel
License Option: actel_oem

Running in Vendor Mode

"automatic_compile_point" is unrecognized option for current device
Implementation not found: synthesis
log file: "X:\Graduate\ECEN5863\ProgrammableLogicProjects\Project2\Module2\SF2MakerDemo\SF2MakerDemo\synthesis\MakerDemo.srr"
Running: synthesis in foreground

Running MakerDemo_syn|synthesis

Running Flow: compile (Compile) on MakerDemo_syn|synthesis
# Sun Oct 22 10:13:50 2023

Running Flow: compile_flow (Compile Process) on MakerDemo_syn|synthesis
# Sun Oct 22 10:13:50 2023

Running: compiler (Compile Input) on MakerDemo_syn|synthesis
# Sun Oct 22 10:13:50 2023
Copied X:\Graduate\ECEN5863\ProgrammableLogicProjects\Project2\Module2\SF2MakerDemo\SF2MakerDemo\synthesis\synwork\MakerDemo_comp.srs to X:\Graduate\ECEN5863\ProgrammableLogicProjects\Project2\Module2\SF2MakerDemo\SF2MakerDemo\synthesis\MakerDemo.srs

compiler completed
# Sun Oct 22 10:13:53 2023

Return Code: 0
Run Time:00h:00m:03s

Running: multi_srs_gen (Multi-srs Generator) on MakerDemo_syn|synthesis
# Sun Oct 22 10:13:53 2023

multi_srs_gen completed
# Sun Oct 22 10:13:54 2023

Return Code: 0
Run Time:00h:00m:01s
Copied X:\Graduate\ECEN5863\ProgrammableLogicProjects\Project2\Module2\SF2MakerDemo\SF2MakerDemo\synthesis\synwork\MakerDemo_mult.srs to X:\Graduate\ECEN5863\ProgrammableLogicProjects\Project2\Module2\SF2MakerDemo\SF2MakerDemo\synthesis\MakerDemo.srs
Complete: Compile Process on MakerDemo_syn|synthesis

Running: premap (Premap) on MakerDemo_syn|synthesis
# Sun Oct 22 10:13:54 2023

premap completed with warnings
# Sun Oct 22 10:13:55 2023

Return Code: 1
Run Time:00h:00m:01s
Complete: Compile on MakerDemo_syn|synthesis

Running Flow: map (Map) on MakerDemo_syn|synthesis
# Sun Oct 22 10:13:55 2023
License granted for 4 parallel jobs

Running: fpga_mapper (Map & Optimize) on MakerDemo_syn|synthesis
# Sun Oct 22 10:13:55 2023
Copied X:\Graduate\ECEN5863\ProgrammableLogicProjects\Project2\Module2\SF2MakerDemo\SF2MakerDemo\synthesis\synwork\MakerDemo_m.srm to X:\Graduate\ECEN5863\ProgrammableLogicProjects\Project2\Module2\SF2MakerDemo\SF2MakerDemo\synthesis\MakerDemo.srm

fpga_mapper completed with warnings
# Sun Oct 22 10:13:57 2023

Return Code: 1
Run Time:00h:00m:02s
Complete: Map on MakerDemo_syn|synthesis
Complete: Logic Synthesis on MakerDemo_syn|synthesis
Copied X:\Graduate\ECEN5863\ProgrammableLogicProjects\Project2\Module2\SF2MakerDemo\SF2MakerDemo\synthesis\MakerDemo.srr to X:\Graduate\ECEN5863\ProgrammableLogicProjects\Project2\Module2\SF2MakerDemo\SF2MakerDemo\synthesis\backup\MakerDemo.srr
TCL script complete: "MakerDemo_syn.tcl"
exit status=0
exit status=0
License checkin: synplifypro_actel
