Flow report for P2M3
Sun Oct 29 19:43:11 2023
Quartus Prime Version 18.1.0 Build 625 09/12/2018 SJ Lite Edition


---------------------
; Table of Contents ;
---------------------
  1. Legal Notice
  2. Flow Summary
  3. Flow Settings
  4. Flow Non-Default Global Settings
  5. Flow Elapsed Time
  6. Flow OS Summary
  7. Flow Log
  8. Flow Messages
  9. Flow Suppressed Messages



----------------
; Legal Notice ;
----------------
Copyright (C) 2018  Intel Corporation. All rights reserved.
Your use of Intel Corporation's design tools, logic functions 
and other software and tools, and its AMPP partner logic 
functions, and any output files from any of the foregoing 
(including device programming or simulation files), and any 
associated documentation or information are expressly subject 
to the terms and conditions of the Intel Program License 
Subscription Agreement, the Intel Quartus Prime License Agreement,
the Intel FPGA IP License Agreement, or other applicable license
agreement, including, without limitation, that your use is for
the sole purpose of programming logic devices manufactured by
Intel and sold by Intel or its authorized distributors.  Please
refer to the applicable agreement for further details.



+----------------------------------------------------------------------------------+
; Flow Summary                                                                     ;
+------------------------------------+---------------------------------------------+
; Flow Status                        ; Successful - Sun Oct 29 19:43:11 2023       ;
; Quartus Prime Version              ; 18.1.0 Build 625 09/12/2018 SJ Lite Edition ;
; Revision Name                      ; P2M3                                        ;
; Top-level Entity Name              ; NBitCounterChain                            ;
; Family                             ; MAX 10                                      ;
; Device                             ; 10M50DAF484C6GES                            ;
; Timing Models                      ; Preliminary                                 ;
; Total logic elements               ; 45,356 / 49,760 ( 91 % )                    ;
;     Total combinational functions  ; 45,356 / 49,760 ( 91 % )                    ;
;     Dedicated logic registers      ; 34,560 / 49,760 ( 69 % )                    ;
; Total registers                    ; 34576                                       ;
; Total pins                         ; 18 / 360 ( 5 % )                            ;
; Total virtual pins                 ; 0                                           ;
; Total memory bits                  ; 0 / 1,677,312 ( 0 % )                       ;
; Embedded Multiplier 9-bit elements ; 0 / 288 ( 0 % )                             ;
; Total PLLs                         ; 0 / 4 ( 0 % )                               ;
; UFM blocks                         ; 0 / 1 ( 0 % )                               ;
; ADC blocks                         ; 0 / 2 ( 0 % )                               ;
+------------------------------------+---------------------------------------------+


+-----------------------------------------+
; Flow Settings                           ;
+-------------------+---------------------+
; Option            ; Setting             ;
+-------------------+---------------------+
; Start date & time ; 10/29/2023 19:40:05 ;
; Main task         ; Compilation         ;
; Revision Name     ; P2M3                ;
+-------------------+---------------------+


+--------------------------------------------------------------------------------------------------------------------------------------+
; Flow Non-Default Global Settings                                                                                                     ;
+-----------------------------------------+----------------------------------------+---------------+------------------+----------------+
; Assignment Name                         ; Value                                  ; Default Value ; Entity Name      ; Section Id     ;
+-----------------------------------------+----------------------------------------+---------------+------------------+----------------+
; ALM_REGISTER_PACKING_EFFORT             ; High                                   ; Medium        ; --               ; --             ;
; COMPILER_SIGNATURE_ID                   ; 8796759431660.169862280505736          ; --            ; --               ; --             ;
; EDA_OUTPUT_DATA_FORMAT                  ; Verilog Hdl                            ; --            ; --               ; eda_simulation ;
; EDA_SIMULATION_TOOL                     ; ModelSim (Verilog)                     ; <None>        ; --               ; --             ;
; EDA_TIME_SCALE                          ; 1 ps                                   ; --            ; --               ; eda_simulation ;
; MAX_CORE_JUNCTION_TEMP                  ; 85                                     ; --            ; --               ; --             ;
; MIN_CORE_JUNCTION_TEMP                  ; 0                                      ; --            ; --               ; --             ;
; NUM_PARALLEL_PROCESSORS                 ; 16                                     ; --            ; --               ; --             ;
; OPTIMIZATION_MODE                       ; Aggressive Area                        ; Balanced      ; --               ; --             ;
; PARTITION_COLOR                         ; -- (Not supported for targeted family) ; --            ; NBitCounterChain ; Top            ;
; PARTITION_FITTER_PRESERVATION_LEVEL     ; -- (Not supported for targeted family) ; --            ; NBitCounterChain ; Top            ;
; PARTITION_NETLIST_TYPE                  ; -- (Not supported for targeted family) ; --            ; NBitCounterChain ; Top            ;
; PHYSICAL_SYNTHESIS_COMBO_LOGIC_FOR_AREA ; On                                     ; Off           ; --               ; --             ;
; POWER_BOARD_THERMAL_MODEL               ; None (CONSERVATIVE)                    ; --            ; --               ; --             ;
; POWER_PRESET_COOLING_SOLUTION           ; 23 MM HEAT SINK WITH 200 LFPM AIRFLOW  ; --            ; --               ; --             ;
; PROJECT_OUTPUT_DIRECTORY                ; output_files                           ; --            ; --               ; --             ;
; TOP_LEVEL_ENTITY                        ; NBitCounterChain                       ; P2M3          ; --               ; --             ;
+-----------------------------------------+----------------------------------------+---------------+------------------+----------------+


+--------------------------------------------------------------------------------------------------------------------------+
; Flow Elapsed Time                                                                                                        ;
+----------------------+--------------+-------------------------+---------------------+------------------------------------+
; Module Name          ; Elapsed Time ; Average Processors Used ; Peak Virtual Memory ; Total CPU Time (on all processors) ;
+----------------------+--------------+-------------------------+---------------------+------------------------------------+
; Analysis & Synthesis ; 00:00:24     ; 1.1                     ; 5314 MB             ; 00:00:39                           ;
; Fitter               ; 00:02:11     ; 1.8                     ; 7225 MB             ; 00:03:24                           ;
; Assembler            ; 00:00:03     ; 1.0                     ; 4835 MB             ; 00:00:02                           ;
; Timing Analyzer      ; 00:00:10     ; 3.8                     ; 5382 MB             ; 00:00:22                           ;
; EDA Netlist Writer   ; 00:00:04     ; 1.0                     ; 4980 MB             ; 00:00:04                           ;
; Total                ; 00:02:52     ; --                      ; --                  ; 00:04:31                           ;
+----------------------+--------------+-------------------------+---------------------+------------------------------------+


+------------------------------------------------------------------------------------+
; Flow OS Summary                                                                    ;
+----------------------+------------------+------------+------------+----------------+
; Module Name          ; Machine Hostname ; OS Name    ; OS Version ; Processor type ;
+----------------------+------------------+------------+------------+----------------+
; Analysis & Synthesis ; ecen5863         ; Windows 10 ; 10.0       ; x86_64         ;
; Fitter               ; ecen5863         ; Windows 10 ; 10.0       ; x86_64         ;
; Assembler            ; ecen5863         ; Windows 10 ; 10.0       ; x86_64         ;
; Timing Analyzer      ; ecen5863         ; Windows 10 ; 10.0       ; x86_64         ;
; EDA Netlist Writer   ; ecen5863         ; Windows 10 ; 10.0       ; x86_64         ;
+----------------------+------------------+------------+------------+----------------+


------------
; Flow Log ;
------------
quartus_map --read_settings_files=on --write_settings_files=off P2M3 -c P2M3
quartus_fit --read_settings_files=off --write_settings_files=off P2M3 -c P2M3
quartus_asm --read_settings_files=off --write_settings_files=off P2M3 -c P2M3
quartus_sta P2M3 -c P2M3
quartus_eda --read_settings_files=off --write_settings_files=off P2M3 -c P2M3



