One matching license found for this product: synplifypro_actel

Starting:    C:\Microsemi\Libero_SoC_v12.6\SynplifyPro\bin64\mbin\synbatch.exe
Install:     C:\Microsemi\Libero_SoC_v12.6\SynplifyPro
Hostname:    ECEN5863
Date:        Sun Oct 29 15:21:27 2023
Version:     Q-2020.03M-SP1

Arguments:   -product synplify_pro -batch -log synplify.log NBitCounterChain_syn.tcl
ProductType: synplify_pro

License checkout: synplifypro_actel
License: synplifypro_actel node-locked 
Licensed Vendor: actel
License Option: actel_oem

Running in Vendor Mode

@W: UI147 |File already exists in project: "C:\Microsemi_Prj\Project2\P2M3\P2M3\hdl\NBitCounter.v"
auto_infer_blackbox is not supported in current product.
log file: "C:\Microsemi_Prj\Project2\P2M3\P2M3\synthesis\NBitCounterChain.srr"
Running: synthesis in foreground

Running NBitCounterChain_syn|synthesis

Running Flow: compile (Compile) on NBitCounterChain_syn|synthesis
# Sun Oct 29 15:21:27 2023

Running Flow: compile_flow (Compile Process) on NBitCounterChain_syn|synthesis
# Sun Oct 29 15:21:27 2023

Running: compiler (Compile Input) on NBitCounterChain_syn|synthesis
# Sun Oct 29 15:21:27 2023

compiler completed
# Sun Oct 29 15:21:27 2023

Return Code: 0
Run Time:00h:00m:00s

Running: multi_srs_gen (Multi-srs Generator) on NBitCounterChain_syn|synthesis
# Sun Oct 29 15:21:27 2023
Up-To-Date: multi_srs_gen. No run necessary
Complete: Compile Process on NBitCounterChain_syn|synthesis

Running: premap (Premap) on NBitCounterChain_syn|synthesis
# Sun Oct 29 15:21:28 2023

premap completed with warnings
# Sun Oct 29 15:21:28 2023

Return Code: 1
Run Time:00h:00m:00s
Complete: Compile on NBitCounterChain_syn|synthesis

Running Flow: map (Map) on NBitCounterChain_syn|synthesis
# Sun Oct 29 15:21:28 2023
License granted for 4 parallel jobs

Running: fpga_mapper (Map & Optimize) on NBitCounterChain_syn|synthesis
# Sun Oct 29 15:21:28 2023
Copied C:\Microsemi_Prj\Project2\P2M3\P2M3\synthesis\synwork\NBitCounterChain_m.srm to C:\Microsemi_Prj\Project2\P2M3\P2M3\synthesis\NBitCounterChain.srm

fpga_mapper completed with warnings
# Sun Oct 29 15:21:35 2023

Return Code: 1
Run Time:00h:00m:07s
Complete: Map on NBitCounterChain_syn|synthesis
Complete: Logic Synthesis on NBitCounterChain_syn|synthesis
TCL script complete: "NBitCounterChain_syn.tcl"
exit status=0
exit status=0
License checkin: synplifypro_actel
