One matching license found for this product: synplifypro_actel

Starting:    D:\Microsemi\Libero_SoC_v12.6\SynplifyPro\bin64\mbin\synbatch.exe
Install:     D:\Microsemi\Libero_SoC_v12.6\SynplifyPro
Hostname:    STARGATE-COMMAN
Date:        Tue Oct 17 19:36:25 2023
Version:     Q-2020.03M-SP1

Arguments:   -product synplify_pro -batch -log synplify.log shift_reg32_syn.tcl
ProductType: synplify_pro

License checkout: synplifypro_actel
License: synplifypro_actel node-locked 
Licensed Vendor: actel
License Option: actel_oem

Running in Vendor Mode

auto_infer_blackbox is not supported in current product.
log file: "X:\Graduate\ECEN5863\ProgrammableLogicProjects\Project2\Module1\SmartTimeTutorial\Shift32\Shift32\synthesis\shift_reg32.srr"
Running: synthesis in foreground

Running shift_reg32_syn|synthesis

Running Flow: compile (Compile) on shift_reg32_syn|synthesis
# Tue Oct 17 19:36:26 2023

Running Flow: compile_flow (Compile Process) on shift_reg32_syn|synthesis
# Tue Oct 17 19:36:26 2023

Running: compiler (Compile Input) on shift_reg32_syn|synthesis
# Tue Oct 17 19:36:26 2023

compiler completed
# Tue Oct 17 19:36:26 2023

Return Code: 0
Run Time:00h:00m:00s

Running: multi_srs_gen (Multi-srs Generator) on shift_reg32_syn|synthesis
# Tue Oct 17 19:36:26 2023
Up-To-Date: multi_srs_gen. No run necessary
Complete: Compile Process on shift_reg32_syn|synthesis

Running: premap (Premap) on shift_reg32_syn|synthesis
# Tue Oct 17 19:36:26 2023

premap completed with warnings
# Tue Oct 17 19:36:28 2023

Return Code: 1
Run Time:00h:00m:02s
Complete: Compile on shift_reg32_syn|synthesis

Running Flow: map (Map) on shift_reg32_syn|synthesis
# Tue Oct 17 19:36:28 2023
License granted for 4 parallel jobs

Running: fpga_mapper (Map & Optimize) on shift_reg32_syn|synthesis
# Tue Oct 17 19:36:28 2023
Copied X:\Graduate\ECEN5863\ProgrammableLogicProjects\Project2\Module1\SmartTimeTutorial\Shift32\Shift32\synthesis\synwork\shift_reg32_m.srm to X:\Graduate\ECEN5863\ProgrammableLogicProjects\Project2\Module1\SmartTimeTutorial\Shift32\Shift32\synthesis\shift_reg32.srm

fpga_mapper completed with warnings
# Tue Oct 17 19:36:30 2023

Return Code: 1
Run Time:00h:00m:02s
Complete: Map on shift_reg32_syn|synthesis
Complete: Logic Synthesis on shift_reg32_syn|synthesis
TCL script complete: "shift_reg32_syn.tcl"
exit status=0
exit status=0
License checkin: synplifypro_actel
