Resource Usage Report for NBitCounterChain 

Mapping to part: m2s010vf400std
Cell usage:
CLKINT          2 uses
CFG1           392 uses
CFG4           1950 uses

Carry cells:
ARI1            6256 uses - used for arithmetic functions


Sequential Cells: 
SLE            6256 uses

DSP Blocks:    0 of 22 (0%)

I/O ports: 18
I/O primitives: 18
INBUF          2 uses
OUTBUF         16 uses


Global Clock Buffers: 2

Total LUTs:    8598

Extra resources required for RAM and MACC interface logic during P&R:

RAM64x18 Interface Logic : SLEs = 0; LUTs = 0;
RAM1K18  Interface Logic : SLEs = 0; LUTs = 0;
MACC     Interface Logic : SLEs = 0; LUTs = 0;

Total number of SLEs after P&R:  6256 + 0 + 0 + 0 = 6256;
Total number of LUTs after P&R:  8598 + 0 + 0 + 0 = 8598;

