Resource Usage Report for NBitCounter 

Mapping to part: m2s010vf400std
Cell usage:
CLKINT          2 uses
CFG1           2 uses
CFG4           5 uses

Carry cells:
ARI1            16 uses - used for arithmetic functions


Sequential Cells: 
SLE            16 uses

DSP Blocks:    0 of 22 (0%)

I/O ports: 20
I/O primitives: 20
INBUF          3 uses
OUTBUF         17 uses


Global Clock Buffers: 2

Total LUTs:    23

Extra resources required for RAM and MACC interface logic during P&R:

RAM64x18 Interface Logic : SLEs = 0; LUTs = 0;
RAM1K18  Interface Logic : SLEs = 0; LUTs = 0;
MACC     Interface Logic : SLEs = 0; LUTs = 0;

Total number of SLEs after P&R:  16 + 0 + 0 + 0 = 16;
Total number of LUTs after P&R:  23 + 0 + 0 + 0 = 23;

