Analysis & Synthesis report for part2
Sat Nov 18 14:34:44 2023
Quartus Prime Version 18.1.0 Build 625 09/12/2018 SJ Lite Edition


---------------------
; Table of Contents ;
---------------------
  1. Legal Notice
  2. Analysis & Synthesis Summary
  3. Analysis & Synthesis Settings
  4. Parallel Compilation
  5. Analysis & Synthesis Source Files Read
  6. Analysis & Synthesis Resource Usage Summary
  7. Analysis & Synthesis Resource Utilization by Entity
  8. General Register Statistics
  9. Parameter Settings for User Entity Instance: Top-level Entity: |part2
 10. Parameter Settings for User Entity Instance: counter:U0
 11. Parameter Settings for User Entity Instance: counter:U1
 12. Parameter Settings for Inferred Entity Instance: binToBCD:U2|lpm_divide:Mod0
 13. Parameter Settings for Inferred Entity Instance: binToBCD:U2|lpm_divide:Mod1
 14. Parameter Settings for Inferred Entity Instance: binToBCD:U2|lpm_divide:Div0
 15. Parameter Settings for Inferred Entity Instance: binToBCD:U2|lpm_divide:Mod2
 16. Parameter Settings for Inferred Entity Instance: binToBCD:U2|lpm_divide:Div1
 17. Port Connectivity Checks: "counter:U1"
 18. Port Connectivity Checks: "counter:U0"
 19. Post-Synthesis Netlist Statistics for Top Partition
 20. Elapsed Time Per Partition
 21. Analysis & Synthesis Messages
 22. Analysis & Synthesis Suppressed Messages



----------------
; Legal Notice ;
----------------
Copyright (C) 2018  Intel Corporation. All rights reserved.
Your use of Intel Corporation's design tools, logic functions 
and other software and tools, and its AMPP partner logic 
functions, and any output files from any of the foregoing 
(including device programming or simulation files), and any 
associated documentation or information are expressly subject 
to the terms and conditions of the Intel Program License 
Subscription Agreement, the Intel Quartus Prime License Agreement,
the Intel FPGA IP License Agreement, or other applicable license
agreement, including, without limitation, that your use is for
the sole purpose of programming logic devices manufactured by
Intel and sold by Intel or its authorized distributors.  Please
refer to the applicable agreement for further details.



+-------------------------------------------------------------------------------+
; Analysis & Synthesis Summary                                                  ;
+---------------------------------+---------------------------------------------+
; Analysis & Synthesis Status     ; Successful - Sat Nov 18 14:34:44 2023       ;
; Quartus Prime Version           ; 18.1.0 Build 625 09/12/2018 SJ Lite Edition ;
; Revision Name                   ; part2                                       ;
; Top-level Entity Name           ; part2                                       ;
; Family                          ; Cyclone V                                   ;
; Logic utilization (in ALMs)     ; N/A                                         ;
; Total registers                 ; 40                                          ;
; Total pins                      ; 36                                          ;
; Total virtual pins              ; 0                                           ;
; Total block memory bits         ; 0                                           ;
; Total DSP Blocks                ; 0                                           ;
; Total HSSI RX PCSs              ; 0                                           ;
; Total HSSI PMA RX Deserializers ; 0                                           ;
; Total HSSI TX PCSs              ; 0                                           ;
; Total HSSI PMA TX Serializers   ; 0                                           ;
; Total PLLs                      ; 0                                           ;
; Total DLLs                      ; 0                                           ;
+---------------------------------+---------------------------------------------+


+---------------------------------------------------------------------------------------------------------------------------+
; Analysis & Synthesis Settings                                                                                             ;
+---------------------------------------------------------------------------------+--------------------+--------------------+
; Option                                                                          ; Setting            ; Default Value      ;
+---------------------------------------------------------------------------------+--------------------+--------------------+
; Device                                                                          ; 5CSEMA5F31C6       ;                    ;
; Top-level entity name                                                           ; part2              ; part2              ;
; Family name                                                                     ; Cyclone V          ; Cyclone V          ;
; Use smart compilation                                                           ; Off                ; Off                ;
; Enable parallel Assembler and Timing Analyzer during compilation                ; On                 ; On                 ;
; Enable compact report table                                                     ; Off                ; Off                ;
; Restructure Multiplexers                                                        ; Auto               ; Auto               ;
; MLAB Add Timing Constraints For Mixed-Port Feed-Through Mode Setting Don't Care ; Off                ; Off                ;
; Create Debugging Nodes for IP Cores                                             ; Off                ; Off                ;
; Preserve fewer node names                                                       ; On                 ; On                 ;
; Intel FPGA IP Evaluation Mode                                                   ; Enable             ; Enable             ;
; Verilog Version                                                                 ; Verilog_2001       ; Verilog_2001       ;
; VHDL Version                                                                    ; VHDL_1993          ; VHDL_1993          ;
; State Machine Processing                                                        ; Auto               ; Auto               ;
; Safe State Machine                                                              ; Off                ; Off                ;
; Extract Verilog State Machines                                                  ; On                 ; On                 ;
; Extract VHDL State Machines                                                     ; On                 ; On                 ;
; Ignore Verilog initial constructs                                               ; Off                ; Off                ;
; Iteration limit for constant Verilog loops                                      ; 5000               ; 5000               ;
; Iteration limit for non-constant Verilog loops                                  ; 250                ; 250                ;
; Add Pass-Through Logic to Inferred RAMs                                         ; On                 ; On                 ;
; Infer RAMs from Raw Logic                                                       ; On                 ; On                 ;
; Parallel Synthesis                                                              ; On                 ; On                 ;
; DSP Block Balancing                                                             ; Auto               ; Auto               ;
; NOT Gate Push-Back                                                              ; On                 ; On                 ;
; Power-Up Don't Care                                                             ; On                 ; On                 ;
; Remove Redundant Logic Cells                                                    ; Off                ; Off                ;
; Remove Duplicate Registers                                                      ; On                 ; On                 ;
; Ignore CARRY Buffers                                                            ; Off                ; Off                ;
; Ignore CASCADE Buffers                                                          ; Off                ; Off                ;
; Ignore GLOBAL Buffers                                                           ; Off                ; Off                ;
; Ignore ROW GLOBAL Buffers                                                       ; Off                ; Off                ;
; Ignore LCELL Buffers                                                            ; Off                ; Off                ;
; Ignore SOFT Buffers                                                             ; On                 ; On                 ;
; Limit AHDL Integers to 32 Bits                                                  ; Off                ; Off                ;
; Optimization Technique                                                          ; Balanced           ; Balanced           ;
; Carry Chain Length                                                              ; 70                 ; 70                 ;
; Auto Carry Chains                                                               ; On                 ; On                 ;
; Auto Open-Drain Pins                                                            ; On                 ; On                 ;
; Perform WYSIWYG Primitive Resynthesis                                           ; Off                ; Off                ;
; Auto ROM Replacement                                                            ; On                 ; On                 ;
; Auto RAM Replacement                                                            ; On                 ; On                 ;
; Auto DSP Block Replacement                                                      ; On                 ; On                 ;
; Auto Shift Register Replacement                                                 ; Auto               ; Auto               ;
; Allow Shift Register Merging across Hierarchies                                 ; Auto               ; Auto               ;
; Auto Clock Enable Replacement                                                   ; On                 ; On                 ;
; Strict RAM Replacement                                                          ; Off                ; Off                ;
; Allow Synchronous Control Signals                                               ; On                 ; On                 ;
; Force Use of Synchronous Clear Signals                                          ; Off                ; Off                ;
; Auto Resource Sharing                                                           ; Off                ; Off                ;
; Allow Any RAM Size For Recognition                                              ; Off                ; Off                ;
; Allow Any ROM Size For Recognition                                              ; Off                ; Off                ;
; Allow Any Shift Register Size For Recognition                                   ; Off                ; Off                ;
; Use LogicLock Constraints during Resource Balancing                             ; On                 ; On                 ;
; Ignore translate_off and synthesis_off directives                               ; Off                ; Off                ;
; Timing-Driven Synthesis                                                         ; On                 ; On                 ;
; Report Parameter Settings                                                       ; On                 ; On                 ;
; Report Source Assignments                                                       ; On                 ; On                 ;
; Report Connectivity Checks                                                      ; On                 ; On                 ;
; Ignore Maximum Fan-Out Assignments                                              ; Off                ; Off                ;
; Synchronization Register Chain Length                                           ; 3                  ; 3                  ;
; Power Optimization During Synthesis                                             ; Normal compilation ; Normal compilation ;
; HDL message level                                                               ; Level2             ; Level2             ;
; Suppress Register Optimization Related Messages                                 ; Off                ; Off                ;
; Number of Removed Registers Reported in Synthesis Report                        ; 5000               ; 5000               ;
; Number of Swept Nodes Reported in Synthesis Report                              ; 5000               ; 5000               ;
; Number of Inverted Registers Reported in Synthesis Report                       ; 100                ; 100                ;
; Clock MUX Protection                                                            ; On                 ; On                 ;
; Auto Gated Clock Conversion                                                     ; Off                ; Off                ;
; Block Design Naming                                                             ; Auto               ; Auto               ;
; SDC constraint protection                                                       ; Off                ; Off                ;
; Synthesis Effort                                                                ; Auto               ; Auto               ;
; Shift Register Replacement - Allow Asynchronous Clear Signal                    ; On                 ; On                 ;
; Pre-Mapping Resynthesis Optimization                                            ; Off                ; Off                ;
; Analysis & Synthesis Message Level                                              ; Medium             ; Medium             ;
; Disable Register Merging Across Hierarchies                                     ; Auto               ; Auto               ;
; Resource Aware Inference For Block RAM                                          ; On                 ; On                 ;
; Automatic Parallel Synthesis                                                    ; On                 ; On                 ;
; Partial Reconfiguration Bitstream ID                                            ; Off                ; Off                ;
+---------------------------------------------------------------------------------+--------------------+--------------------+


+------------------------------------------+
; Parallel Compilation                     ;
+----------------------------+-------------+
; Processors                 ; Number      ;
+----------------------------+-------------+
; Number detected on machine ; 12          ;
; Maximum allowed            ; 12          ;
;                            ;             ;
; Average used               ; 1.00        ;
; Maximum used               ; 12          ;
;                            ;             ;
; Usage by Processor         ; % Time Used ;
;     Processor 1            ; 100.0%      ;
;     Processors 2-12        ;   0.0%      ;
+----------------------------+-------------+


+-----------------------------------------------------------------------------------------------------------------------------------------------------------------------------------------------------+
; Analysis & Synthesis Source Files Read                                                                                                                                                              ;
+----------------------------------+-----------------+------------------------------+-------------------------------------------------------------------------------------------------------+---------+
; File Name with User-Entered Path ; Used in Netlist ; File Type                    ; File Name with Absolute Path                                                                          ; Library ;
+----------------------------------+-----------------+------------------------------+-------------------------------------------------------------------------------------------------------+---------+
; counter.v                        ; yes             ; User Verilog HDL File        ; X:/Graduate/ECEN5863/ProgrammableLogicProjects/Project3/Module1/lab5/part2/counter.v                  ;         ;
; part2.v                          ; yes             ; User Verilog HDL File        ; X:/Graduate/ECEN5863/ProgrammableLogicProjects/Project3/Module1/lab5/part2/part2.v                    ;         ;
; binToBCD.v                       ; yes             ; User Verilog HDL File        ; X:/Graduate/ECEN5863/ProgrammableLogicProjects/Project3/Module1/lab5/part2/binToBCD.v                 ;         ;
; BCDToHex.v                       ; yes             ; User Verilog HDL File        ; X:/Graduate/ECEN5863/ProgrammableLogicProjects/Project3/Module1/lab5/part2/BCDToHex.v                 ;         ;
; lpm_divide.tdf                   ; yes             ; Megafunction                 ; x:/quartus18.1/quartus/libraries/megafunctions/lpm_divide.tdf                                         ;         ;
; abs_divider.inc                  ; yes             ; Megafunction                 ; x:/quartus18.1/quartus/libraries/megafunctions/abs_divider.inc                                        ;         ;
; sign_div_unsign.inc              ; yes             ; Megafunction                 ; x:/quartus18.1/quartus/libraries/megafunctions/sign_div_unsign.inc                                    ;         ;
; aglobal181.inc                   ; yes             ; Megafunction                 ; x:/quartus18.1/quartus/libraries/megafunctions/aglobal181.inc                                         ;         ;
; db/lpm_divide_h3m.tdf            ; yes             ; Auto-Generated Megafunction  ; X:/Graduate/ECEN5863/ProgrammableLogicProjects/Project3/Module1/lab5/part2/db/lpm_divide_h3m.tdf      ;         ;
; db/sign_div_unsign_klh.tdf       ; yes             ; Auto-Generated Megafunction  ; X:/Graduate/ECEN5863/ProgrammableLogicProjects/Project3/Module1/lab5/part2/db/sign_div_unsign_klh.tdf ;         ;
; db/alt_u_div_eve.tdf             ; yes             ; Auto-Generated Megafunction  ; X:/Graduate/ECEN5863/ProgrammableLogicProjects/Project3/Module1/lab5/part2/db/alt_u_div_eve.tdf       ;         ;
; db/lpm_divide_k3m.tdf            ; yes             ; Auto-Generated Megafunction  ; X:/Graduate/ECEN5863/ProgrammableLogicProjects/Project3/Module1/lab5/part2/db/lpm_divide_k3m.tdf      ;         ;
; db/sign_div_unsign_nlh.tdf       ; yes             ; Auto-Generated Megafunction  ; X:/Graduate/ECEN5863/ProgrammableLogicProjects/Project3/Module1/lab5/part2/db/sign_div_unsign_nlh.tdf ;         ;
; db/alt_u_div_kve.tdf             ; yes             ; Auto-Generated Megafunction  ; X:/Graduate/ECEN5863/ProgrammableLogicProjects/Project3/Module1/lab5/part2/db/alt_u_div_kve.tdf       ;         ;
; db/lpm_divide_4am.tdf            ; yes             ; Auto-Generated Megafunction  ; X:/Graduate/ECEN5863/ProgrammableLogicProjects/Project3/Module1/lab5/part2/db/lpm_divide_4am.tdf      ;         ;
; db/sign_div_unsign_akh.tdf       ; yes             ; Auto-Generated Megafunction  ; X:/Graduate/ECEN5863/ProgrammableLogicProjects/Project3/Module1/lab5/part2/db/sign_div_unsign_akh.tdf ;         ;
; db/alt_u_div_qse.tdf             ; yes             ; Auto-Generated Megafunction  ; X:/Graduate/ECEN5863/ProgrammableLogicProjects/Project3/Module1/lab5/part2/db/alt_u_div_qse.tdf       ;         ;
; db/lpm_divide_u4m.tdf            ; yes             ; Auto-Generated Megafunction  ; X:/Graduate/ECEN5863/ProgrammableLogicProjects/Project3/Module1/lab5/part2/db/lpm_divide_u4m.tdf      ;         ;
; db/sign_div_unsign_1nh.tdf       ; yes             ; Auto-Generated Megafunction  ; X:/Graduate/ECEN5863/ProgrammableLogicProjects/Project3/Module1/lab5/part2/db/sign_div_unsign_1nh.tdf ;         ;
; db/alt_u_div_82f.tdf             ; yes             ; Auto-Generated Megafunction  ; X:/Graduate/ECEN5863/ProgrammableLogicProjects/Project3/Module1/lab5/part2/db/alt_u_div_82f.tdf       ;         ;
; db/lpm_divide_hbm.tdf            ; yes             ; Auto-Generated Megafunction  ; X:/Graduate/ECEN5863/ProgrammableLogicProjects/Project3/Module1/lab5/part2/db/lpm_divide_hbm.tdf      ;         ;
+----------------------------------+-----------------+------------------------------+-------------------------------------------------------------------------------------------------------+---------+


+------------------------------------------------------------+
; Analysis & Synthesis Resource Usage Summary                ;
+---------------------------------------------+--------------+
; Resource                                    ; Usage        ;
+---------------------------------------------+--------------+
; Estimate of Logic utilization (ALMs needed) ; 177          ;
;                                             ;              ;
; Combinational ALUT usage for logic          ; 347          ;
;     -- 7 input functions                    ; 0            ;
;     -- 6 input functions                    ; 7            ;
;     -- 5 input functions                    ; 9            ;
;     -- 4 input functions                    ; 64           ;
;     -- <=3 input functions                  ; 267          ;
;                                             ;              ;
; Dedicated logic registers                   ; 40           ;
;                                             ;              ;
; I/O pins                                    ; 36           ;
;                                             ;              ;
; Total DSP Blocks                            ; 0            ;
;                                             ;              ;
; Maximum fan-out node                        ; KEY[0]~input ;
; Maximum fan-out                             ; 40           ;
; Total fan-out                               ; 1208         ;
; Average fan-out                             ; 2.63         ;
+---------------------------------------------+--------------+


+--------------------------------------------------------------------------------------------------------------------------------------------------------------------------------------------------------------------------------------------------------------------------------------------------------------+
; Analysis & Synthesis Resource Utilization by Entity                                                                                                                                                                                                                                                          ;
+-------------------------------------------+---------------------+---------------------------+-------------------+------------+------+--------------+--------------------------------------------------------------------------------------------------------------------+---------------------+--------------+
; Compilation Hierarchy Node                ; Combinational ALUTs ; Dedicated Logic Registers ; Block Memory Bits ; DSP Blocks ; Pins ; Virtual Pins ; Full Hierarchy Name                                                                                                ; Entity Name         ; Library Name ;
+-------------------------------------------+---------------------+---------------------------+-------------------+------------+------+--------------+--------------------------------------------------------------------------------------------------------------------+---------------------+--------------+
; |part2                                    ; 347 (0)             ; 40 (0)                    ; 0                 ; 0          ; 36   ; 0            ; |part2                                                                                                             ; part2               ; work         ;
;    |BCDToHex:U3|                          ; 7 (7)               ; 0 (0)                     ; 0                 ; 0          ; 0    ; 0            ; |part2|BCDToHex:U3                                                                                                 ; BCDToHex            ; work         ;
;    |BCDToHex:U4|                          ; 7 (7)               ; 0 (0)                     ; 0                 ; 0          ; 0    ; 0            ; |part2|BCDToHex:U4                                                                                                 ; BCDToHex            ; work         ;
;    |BCDToHex:U5|                          ; 7 (7)               ; 0 (0)                     ; 0                 ; 0          ; 0    ; 0            ; |part2|BCDToHex:U5                                                                                                 ; BCDToHex            ; work         ;
;    |binToBCD:U2|                          ; 276 (0)             ; 0 (0)                     ; 0                 ; 0          ; 0    ; 0            ; |part2|binToBCD:U2                                                                                                 ; binToBCD            ; work         ;
;       |lpm_divide:Div0|                   ; 36 (0)              ; 0 (0)                     ; 0                 ; 0          ; 0    ; 0            ; |part2|binToBCD:U2|lpm_divide:Div0                                                                                 ; lpm_divide          ; work         ;
;          |lpm_divide_4am:auto_generated|  ; 36 (0)              ; 0 (0)                     ; 0                 ; 0          ; 0    ; 0            ; |part2|binToBCD:U2|lpm_divide:Div0|lpm_divide_4am:auto_generated                                                   ; lpm_divide_4am      ; work         ;
;             |sign_div_unsign_akh:divider| ; 36 (0)              ; 0 (0)                     ; 0                 ; 0          ; 0    ; 0            ; |part2|binToBCD:U2|lpm_divide:Div0|lpm_divide_4am:auto_generated|sign_div_unsign_akh:divider                       ; sign_div_unsign_akh ; work         ;
;                |alt_u_div_qse:divider|    ; 36 (36)             ; 0 (0)                     ; 0                 ; 0          ; 0    ; 0            ; |part2|binToBCD:U2|lpm_divide:Div0|lpm_divide_4am:auto_generated|sign_div_unsign_akh:divider|alt_u_div_qse:divider ; alt_u_div_qse       ; work         ;
;       |lpm_divide:Div1|                   ; 59 (0)              ; 0 (0)                     ; 0                 ; 0          ; 0    ; 0            ; |part2|binToBCD:U2|lpm_divide:Div1                                                                                 ; lpm_divide          ; work         ;
;          |lpm_divide_hbm:auto_generated|  ; 59 (0)              ; 0 (0)                     ; 0                 ; 0          ; 0    ; 0            ; |part2|binToBCD:U2|lpm_divide:Div1|lpm_divide_hbm:auto_generated                                                   ; lpm_divide_hbm      ; work         ;
;             |sign_div_unsign_nlh:divider| ; 59 (0)              ; 0 (0)                     ; 0                 ; 0          ; 0    ; 0            ; |part2|binToBCD:U2|lpm_divide:Div1|lpm_divide_hbm:auto_generated|sign_div_unsign_nlh:divider                       ; sign_div_unsign_nlh ; work         ;
;                |alt_u_div_kve:divider|    ; 59 (59)             ; 0 (0)                     ; 0                 ; 0          ; 0    ; 0            ; |part2|binToBCD:U2|lpm_divide:Div1|lpm_divide_hbm:auto_generated|sign_div_unsign_nlh:divider|alt_u_div_kve:divider ; alt_u_div_kve       ; work         ;
;       |lpm_divide:Mod0|                   ; 75 (0)              ; 0 (0)                     ; 0                 ; 0          ; 0    ; 0            ; |part2|binToBCD:U2|lpm_divide:Mod0                                                                                 ; lpm_divide          ; work         ;
;          |lpm_divide_h3m:auto_generated|  ; 75 (0)              ; 0 (0)                     ; 0                 ; 0          ; 0    ; 0            ; |part2|binToBCD:U2|lpm_divide:Mod0|lpm_divide_h3m:auto_generated                                                   ; lpm_divide_h3m      ; work         ;
;             |sign_div_unsign_klh:divider| ; 75 (0)              ; 0 (0)                     ; 0                 ; 0          ; 0    ; 0            ; |part2|binToBCD:U2|lpm_divide:Mod0|lpm_divide_h3m:auto_generated|sign_div_unsign_klh:divider                       ; sign_div_unsign_klh ; work         ;
;                |alt_u_div_eve:divider|    ; 75 (75)             ; 0 (0)                     ; 0                 ; 0          ; 0    ; 0            ; |part2|binToBCD:U2|lpm_divide:Mod0|lpm_divide_h3m:auto_generated|sign_div_unsign_klh:divider|alt_u_div_eve:divider ; alt_u_div_eve       ; work         ;
;       |lpm_divide:Mod1|                   ; 79 (0)              ; 0 (0)                     ; 0                 ; 0          ; 0    ; 0            ; |part2|binToBCD:U2|lpm_divide:Mod1                                                                                 ; lpm_divide          ; work         ;
;          |lpm_divide_k3m:auto_generated|  ; 79 (0)              ; 0 (0)                     ; 0                 ; 0          ; 0    ; 0            ; |part2|binToBCD:U2|lpm_divide:Mod1|lpm_divide_k3m:auto_generated                                                   ; lpm_divide_k3m      ; work         ;
;             |sign_div_unsign_nlh:divider| ; 79 (0)              ; 0 (0)                     ; 0                 ; 0          ; 0    ; 0            ; |part2|binToBCD:U2|lpm_divide:Mod1|lpm_divide_k3m:auto_generated|sign_div_unsign_nlh:divider                       ; sign_div_unsign_nlh ; work         ;
;                |alt_u_div_kve:divider|    ; 79 (79)             ; 0 (0)                     ; 0                 ; 0          ; 0    ; 0            ; |part2|binToBCD:U2|lpm_divide:Mod1|lpm_divide_k3m:auto_generated|sign_div_unsign_nlh:divider|alt_u_div_kve:divider ; alt_u_div_kve       ; work         ;
;       |lpm_divide:Mod2|                   ; 27 (0)              ; 0 (0)                     ; 0                 ; 0          ; 0    ; 0            ; |part2|binToBCD:U2|lpm_divide:Mod2                                                                                 ; lpm_divide          ; work         ;
;          |lpm_divide_u4m:auto_generated|  ; 27 (0)              ; 0 (0)                     ; 0                 ; 0          ; 0    ; 0            ; |part2|binToBCD:U2|lpm_divide:Mod2|lpm_divide_u4m:auto_generated                                                   ; lpm_divide_u4m      ; work         ;
;             |sign_div_unsign_1nh:divider| ; 27 (0)              ; 0 (0)                     ; 0                 ; 0          ; 0    ; 0            ; |part2|binToBCD:U2|lpm_divide:Mod2|lpm_divide_u4m:auto_generated|sign_div_unsign_1nh:divider                       ; sign_div_unsign_1nh ; work         ;
;                |alt_u_div_82f:divider|    ; 27 (27)             ; 0 (0)                     ; 0                 ; 0          ; 0    ; 0            ; |part2|binToBCD:U2|lpm_divide:Mod2|lpm_divide_u4m:auto_generated|sign_div_unsign_1nh:divider|alt_u_div_82f:divider ; alt_u_div_82f       ; work         ;
;    |counter:U0|                           ; 38 (38)             ; 30 (30)                   ; 0                 ; 0          ; 0    ; 0            ; |part2|counter:U0                                                                                                  ; counter             ; work         ;
;    |counter:U1|                           ; 12 (12)             ; 10 (10)                   ; 0                 ; 0          ; 0    ; 0            ; |part2|counter:U1                                                                                                  ; counter             ; work         ;
+-------------------------------------------+---------------------+---------------------------+-------------------+------------+------+--------------+--------------------------------------------------------------------------------------------------------------------+---------------------+--------------+
Note: For table entries with two numbers listed, the numbers in parentheses indicate the number of resources of the given type used by the specific entity alone. The numbers listed outside of parentheses indicate the total resources of the given type used by the specific entity and all of its sub-entities in the hierarchy.


+------------------------------------------------------+
; General Register Statistics                          ;
+----------------------------------------------+-------+
; Statistic                                    ; Value ;
+----------------------------------------------+-------+
; Total registers                              ; 40    ;
; Number of registers using Synchronous Clear  ; 39    ;
; Number of registers using Synchronous Load   ; 0     ;
; Number of registers using Asynchronous Clear ; 40    ;
; Number of registers using Asynchronous Load  ; 0     ;
; Number of registers using Clock Enable       ; 0     ;
; Number of registers using Preset             ; 0     ;
+----------------------------------------------+-------+


+-----------------------------------------------------------------------+
; Parameter Settings for User Entity Instance: Top-level Entity: |part2 ;
+----------------+----------+-------------------------------------------+
; Parameter Name ; Value    ; Type                                      ;
+----------------+----------+-------------------------------------------+
; clkFreq        ; 50000000 ; Signed Integer                            ;
; countersize    ; 29       ; Signed Integer                            ;
+----------------+----------+-------------------------------------------+
Note: In order to hide this table in the UI and the text report file, please set the "Show Parameter Settings in Synthesis Report" option in "Analysis and Synthesis Settings -> More Settings" to "Off".


+---------------------------------------------------------+
; Parameter Settings for User Entity Instance: counter:U0 ;
+----------------+----------+-----------------------------+
; Parameter Name ; Value    ; Type                        ;
+----------------+----------+-----------------------------+
; n              ; 29       ; Signed Integer              ;
; k              ; 50000000 ; Signed Integer              ;
+----------------+----------+-----------------------------+
Note: In order to hide this table in the UI and the text report file, please set the "Show Parameter Settings in Synthesis Report" option in "Analysis and Synthesis Settings -> More Settings" to "Off".


+---------------------------------------------------------+
; Parameter Settings for User Entity Instance: counter:U1 ;
+----------------+-------+--------------------------------+
; Parameter Name ; Value ; Type                           ;
+----------------+-------+--------------------------------+
; n              ; 10    ; Signed Integer                 ;
; k              ; 999   ; Signed Integer                 ;
+----------------+-------+--------------------------------+
Note: In order to hide this table in the UI and the text report file, please set the "Show Parameter Settings in Synthesis Report" option in "Analysis and Synthesis Settings -> More Settings" to "Off".


+------------------------------------------------------------------------------+
; Parameter Settings for Inferred Entity Instance: binToBCD:U2|lpm_divide:Mod0 ;
+------------------------+----------------+------------------------------------+
; Parameter Name         ; Value          ; Type                               ;
+------------------------+----------------+------------------------------------+
; LPM_WIDTHN             ; 10             ; Untyped                            ;
; LPM_WIDTHD             ; 4              ; Untyped                            ;
; LPM_NREPRESENTATION    ; UNSIGNED       ; Untyped                            ;
; LPM_DREPRESENTATION    ; UNSIGNED       ; Untyped                            ;
; LPM_PIPELINE           ; 0              ; Untyped                            ;
; LPM_REMAINDERPOSITIVE  ; TRUE           ; Untyped                            ;
; MAXIMIZE_SPEED         ; 5              ; Untyped                            ;
; CBXI_PARAMETER         ; lpm_divide_h3m ; Untyped                            ;
; CARRY_CHAIN            ; MANUAL         ; Untyped                            ;
; OPTIMIZE_FOR_SPEED     ; 5              ; Untyped                            ;
; AUTO_CARRY_CHAINS      ; ON             ; AUTO_CARRY                         ;
; IGNORE_CARRY_BUFFERS   ; OFF            ; IGNORE_CARRY                       ;
; AUTO_CASCADE_CHAINS    ; ON             ; AUTO_CASCADE                       ;
; IGNORE_CASCADE_BUFFERS ; OFF            ; IGNORE_CASCADE                     ;
+------------------------+----------------+------------------------------------+
Note: In order to hide this table in the UI and the text report file, please set the "Show Parameter Settings in Synthesis Report" option in "Analysis and Synthesis Settings -> More Settings" to "Off".


+------------------------------------------------------------------------------+
; Parameter Settings for Inferred Entity Instance: binToBCD:U2|lpm_divide:Mod1 ;
+------------------------+----------------+------------------------------------+
; Parameter Name         ; Value          ; Type                               ;
+------------------------+----------------+------------------------------------+
; LPM_WIDTHN             ; 10             ; Untyped                            ;
; LPM_WIDTHD             ; 7              ; Untyped                            ;
; LPM_NREPRESENTATION    ; UNSIGNED       ; Untyped                            ;
; LPM_DREPRESENTATION    ; UNSIGNED       ; Untyped                            ;
; LPM_PIPELINE           ; 0              ; Untyped                            ;
; LPM_REMAINDERPOSITIVE  ; TRUE           ; Untyped                            ;
; MAXIMIZE_SPEED         ; 5              ; Untyped                            ;
; CBXI_PARAMETER         ; lpm_divide_k3m ; Untyped                            ;
; CARRY_CHAIN            ; MANUAL         ; Untyped                            ;
; OPTIMIZE_FOR_SPEED     ; 5              ; Untyped                            ;
; AUTO_CARRY_CHAINS      ; ON             ; AUTO_CARRY                         ;
; IGNORE_CARRY_BUFFERS   ; OFF            ; IGNORE_CARRY                       ;
; AUTO_CASCADE_CHAINS    ; ON             ; AUTO_CASCADE                       ;
; IGNORE_CASCADE_BUFFERS ; OFF            ; IGNORE_CASCADE                     ;
+------------------------+----------------+------------------------------------+
Note: In order to hide this table in the UI and the text report file, please set the "Show Parameter Settings in Synthesis Report" option in "Analysis and Synthesis Settings -> More Settings" to "Off".


+------------------------------------------------------------------------------+
; Parameter Settings for Inferred Entity Instance: binToBCD:U2|lpm_divide:Div0 ;
+------------------------+----------------+------------------------------------+
; Parameter Name         ; Value          ; Type                               ;
+------------------------+----------------+------------------------------------+
; LPM_WIDTHN             ; 7              ; Untyped                            ;
; LPM_WIDTHD             ; 4              ; Untyped                            ;
; LPM_NREPRESENTATION    ; UNSIGNED       ; Untyped                            ;
; LPM_DREPRESENTATION    ; UNSIGNED       ; Untyped                            ;
; LPM_PIPELINE           ; 0              ; Untyped                            ;
; LPM_REMAINDERPOSITIVE  ; TRUE           ; Untyped                            ;
; MAXIMIZE_SPEED         ; 5              ; Untyped                            ;
; CBXI_PARAMETER         ; lpm_divide_4am ; Untyped                            ;
; CARRY_CHAIN            ; MANUAL         ; Untyped                            ;
; OPTIMIZE_FOR_SPEED     ; 5              ; Untyped                            ;
; AUTO_CARRY_CHAINS      ; ON             ; AUTO_CARRY                         ;
; IGNORE_CARRY_BUFFERS   ; OFF            ; IGNORE_CARRY                       ;
; AUTO_CASCADE_CHAINS    ; ON             ; AUTO_CASCADE                       ;
; IGNORE_CASCADE_BUFFERS ; OFF            ; IGNORE_CASCADE                     ;
+------------------------+----------------+------------------------------------+
Note: In order to hide this table in the UI and the text report file, please set the "Show Parameter Settings in Synthesis Report" option in "Analysis and Synthesis Settings -> More Settings" to "Off".


+------------------------------------------------------------------------------+
; Parameter Settings for Inferred Entity Instance: binToBCD:U2|lpm_divide:Mod2 ;
+------------------------+----------------+------------------------------------+
; Parameter Name         ; Value          ; Type                               ;
+------------------------+----------------+------------------------------------+
; LPM_WIDTHN             ; 10             ; Untyped                            ;
; LPM_WIDTHD             ; 10             ; Untyped                            ;
; LPM_NREPRESENTATION    ; UNSIGNED       ; Untyped                            ;
; LPM_DREPRESENTATION    ; UNSIGNED       ; Untyped                            ;
; LPM_PIPELINE           ; 0              ; Untyped                            ;
; LPM_REMAINDERPOSITIVE  ; TRUE           ; Untyped                            ;
; MAXIMIZE_SPEED         ; 5              ; Untyped                            ;
; CBXI_PARAMETER         ; lpm_divide_u4m ; Untyped                            ;
; CARRY_CHAIN            ; MANUAL         ; Untyped                            ;
; OPTIMIZE_FOR_SPEED     ; 5              ; Untyped                            ;
; AUTO_CARRY_CHAINS      ; ON             ; AUTO_CARRY                         ;
; IGNORE_CARRY_BUFFERS   ; OFF            ; IGNORE_CARRY                       ;
; AUTO_CASCADE_CHAINS    ; ON             ; AUTO_CASCADE                       ;
; IGNORE_CASCADE_BUFFERS ; OFF            ; IGNORE_CASCADE                     ;
+------------------------+----------------+------------------------------------+
Note: In order to hide this table in the UI and the text report file, please set the "Show Parameter Settings in Synthesis Report" option in "Analysis and Synthesis Settings -> More Settings" to "Off".


+------------------------------------------------------------------------------+
; Parameter Settings for Inferred Entity Instance: binToBCD:U2|lpm_divide:Div1 ;
+------------------------+----------------+------------------------------------+
; Parameter Name         ; Value          ; Type                               ;
+------------------------+----------------+------------------------------------+
; LPM_WIDTHN             ; 10             ; Untyped                            ;
; LPM_WIDTHD             ; 7              ; Untyped                            ;
; LPM_NREPRESENTATION    ; UNSIGNED       ; Untyped                            ;
; LPM_DREPRESENTATION    ; UNSIGNED       ; Untyped                            ;
; LPM_PIPELINE           ; 0              ; Untyped                            ;
; LPM_REMAINDERPOSITIVE  ; TRUE           ; Untyped                            ;
; MAXIMIZE_SPEED         ; 5              ; Untyped                            ;
; CBXI_PARAMETER         ; lpm_divide_hbm ; Untyped                            ;
; CARRY_CHAIN            ; MANUAL         ; Untyped                            ;
; OPTIMIZE_FOR_SPEED     ; 5              ; Untyped                            ;
; AUTO_CARRY_CHAINS      ; ON             ; AUTO_CARRY                         ;
; IGNORE_CARRY_BUFFERS   ; OFF            ; IGNORE_CARRY                       ;
; AUTO_CASCADE_CHAINS    ; ON             ; AUTO_CASCADE                       ;
; IGNORE_CASCADE_BUFFERS ; OFF            ; IGNORE_CASCADE                     ;
+------------------------+----------------+------------------------------------+
Note: In order to hide this table in the UI and the text report file, please set the "Show Parameter Settings in Synthesis Report" option in "Analysis and Synthesis Settings -> More Settings" to "Off".


+--------------------------------------------------------------------------------------------------------------------+
; Port Connectivity Checks: "counter:U1"                                                                             ;
+----------+--------+----------+-------------------------------------------------------------------------------------+
; Port     ; Type   ; Severity ; Details                                                                             ;
+----------+--------+----------+-------------------------------------------------------------------------------------+
; Rollover ; Output ; Info     ; Connected to dangling logic. Logic that only feeds a dangling port will be removed. ;
+----------+--------+----------+-------------------------------------------------------------------------------------+


+--------------------------------------------------------------------------------------------------------------------+
; Port Connectivity Checks: "counter:U0"                                                                             ;
+----------+--------+----------+-------------------------------------------------------------------------------------+
; Port     ; Type   ; Severity ; Details                                                                             ;
+----------+--------+----------+-------------------------------------------------------------------------------------+
; Q[28..8] ; Output ; Info     ; Connected to dangling logic. Logic that only feeds a dangling port will be removed. ;
+----------+--------+----------+-------------------------------------------------------------------------------------+


+-----------------------------------------------------+
; Post-Synthesis Netlist Statistics for Top Partition ;
+-----------------------+-----------------------------+
; Type                  ; Count                       ;
+-----------------------+-----------------------------+
; arriav_ff             ; 40                          ;
;     CLR               ; 1                           ;
;     CLR SCLR          ; 39                          ;
; arriav_lcell_comb     ; 351                         ;
;     arith             ; 177                         ;
;         0 data inputs ; 34                          ;
;         1 data inputs ; 53                          ;
;         2 data inputs ; 8                           ;
;         3 data inputs ; 48                          ;
;         4 data inputs ; 34                          ;
;     normal            ; 150                         ;
;         0 data inputs ; 1                           ;
;         1 data inputs ; 3                           ;
;         2 data inputs ; 73                          ;
;         3 data inputs ; 27                          ;
;         4 data inputs ; 30                          ;
;         5 data inputs ; 9                           ;
;         6 data inputs ; 7                           ;
;     shared            ; 24                          ;
;         0 data inputs ; 3                           ;
;         1 data inputs ; 21                          ;
; boundary_port         ; 36                          ;
;                       ;                             ;
; Max LUT depth         ; 16.30                       ;
; Average LUT depth     ; 10.95                       ;
+-----------------------+-----------------------------+


+-------------------------------+
; Elapsed Time Per Partition    ;
+----------------+--------------+
; Partition Name ; Elapsed Time ;
+----------------+--------------+
; Top            ; 00:00:01     ;
+----------------+--------------+


+-------------------------------+
; Analysis & Synthesis Messages ;
+-------------------------------+
Info: *******************************************************************
Info: Running Quartus Prime Analysis & Synthesis
    Info: Version 18.1.0 Build 625 09/12/2018 SJ Lite Edition
    Info: Processing started: Sat Nov 18 14:34:34 2023
Info: Command: quartus_map --read_settings_files=on --write_settings_files=off part2 -c part2
Warning (18236): Number of processors has not been specified which may cause overloading on shared machines.  Set the global assignment NUM_PARALLEL_PROCESSORS in your QSF to an appropriate value for best performance.
Info (20030): Parallel compilation is enabled and will use 12 of the 12 processors detected
Info (12021): Found 1 design units, including 1 entities, in source file counter.v
    Info (12023): Found entity 1: counter File: X:/Graduate/ECEN5863/ProgrammableLogicProjects/Project3/Module1/lab5/part2/counter.v Line: 4
Info (12021): Found 1 design units, including 1 entities, in source file part2.v
    Info (12023): Found entity 1: part2 File: X:/Graduate/ECEN5863/ProgrammableLogicProjects/Project3/Module1/lab5/part2/part2.v Line: 3
Info (12021): Found 1 design units, including 1 entities, in source file bintobcd.v
    Info (12023): Found entity 1: binToBCD File: X:/Graduate/ECEN5863/ProgrammableLogicProjects/Project3/Module1/lab5/part2/binToBCD.v Line: 1
Info (12021): Found 1 design units, including 1 entities, in source file bcdtohex.v
    Info (12023): Found entity 1: BCDToHex File: X:/Graduate/ECEN5863/ProgrammableLogicProjects/Project3/Module1/lab5/part2/BCDToHex.v Line: 1
Warning (10236): Verilog HDL Implicit Net warning at part2.v(42): created implicit net for "r" File: X:/Graduate/ECEN5863/ProgrammableLogicProjects/Project3/Module1/lab5/part2/part2.v Line: 42
Info (12127): Elaborating entity "part2" for the top level hierarchy
Warning (10034): Output port "LEDR[8]" at part2.v(6) has no driver File: X:/Graduate/ECEN5863/ProgrammableLogicProjects/Project3/Module1/lab5/part2/part2.v Line: 6
Info (12128): Elaborating entity "counter" for hierarchy "counter:U0" File: X:/Graduate/ECEN5863/ProgrammableLogicProjects/Project3/Module1/lab5/part2/part2.v Line: 33
Info (12128): Elaborating entity "counter" for hierarchy "counter:U1" File: X:/Graduate/ECEN5863/ProgrammableLogicProjects/Project3/Module1/lab5/part2/part2.v Line: 42
Info (12128): Elaborating entity "binToBCD" for hierarchy "binToBCD:U2" File: X:/Graduate/ECEN5863/ProgrammableLogicProjects/Project3/Module1/lab5/part2/part2.v Line: 52
Warning (10230): Verilog HDL assignment warning at binToBCD.v(7): truncated value with size 32 to match size of target (4) File: X:/Graduate/ECEN5863/ProgrammableLogicProjects/Project3/Module1/lab5/part2/binToBCD.v Line: 7
Warning (10230): Verilog HDL assignment warning at binToBCD.v(8): truncated value with size 32 to match size of target (4) File: X:/Graduate/ECEN5863/ProgrammableLogicProjects/Project3/Module1/lab5/part2/binToBCD.v Line: 8
Warning (10230): Verilog HDL assignment warning at binToBCD.v(9): truncated value with size 32 to match size of target (4) File: X:/Graduate/ECEN5863/ProgrammableLogicProjects/Project3/Module1/lab5/part2/binToBCD.v Line: 9
Info (12128): Elaborating entity "BCDToHex" for hierarchy "BCDToHex:U3" File: X:/Graduate/ECEN5863/ProgrammableLogicProjects/Project3/Module1/lab5/part2/part2.v Line: 57
Warning (10230): Verilog HDL assignment warning at BCDToHex.v(9): truncated value with size 8 to match size of target (7) File: X:/Graduate/ECEN5863/ProgrammableLogicProjects/Project3/Module1/lab5/part2/BCDToHex.v Line: 9
Warning (10230): Verilog HDL assignment warning at BCDToHex.v(10): truncated value with size 8 to match size of target (7) File: X:/Graduate/ECEN5863/ProgrammableLogicProjects/Project3/Module1/lab5/part2/BCDToHex.v Line: 10
Warning (10230): Verilog HDL assignment warning at BCDToHex.v(11): truncated value with size 8 to match size of target (7) File: X:/Graduate/ECEN5863/ProgrammableLogicProjects/Project3/Module1/lab5/part2/BCDToHex.v Line: 11
Warning (10230): Verilog HDL assignment warning at BCDToHex.v(12): truncated value with size 8 to match size of target (7) File: X:/Graduate/ECEN5863/ProgrammableLogicProjects/Project3/Module1/lab5/part2/BCDToHex.v Line: 12
Warning (10230): Verilog HDL assignment warning at BCDToHex.v(13): truncated value with size 8 to match size of target (7) File: X:/Graduate/ECEN5863/ProgrammableLogicProjects/Project3/Module1/lab5/part2/BCDToHex.v Line: 13
Warning (10230): Verilog HDL assignment warning at BCDToHex.v(14): truncated value with size 8 to match size of target (7) File: X:/Graduate/ECEN5863/ProgrammableLogicProjects/Project3/Module1/lab5/part2/BCDToHex.v Line: 14
Warning (10230): Verilog HDL assignment warning at BCDToHex.v(15): truncated value with size 8 to match size of target (7) File: X:/Graduate/ECEN5863/ProgrammableLogicProjects/Project3/Module1/lab5/part2/BCDToHex.v Line: 15
Warning (10230): Verilog HDL assignment warning at BCDToHex.v(16): truncated value with size 8 to match size of target (7) File: X:/Graduate/ECEN5863/ProgrammableLogicProjects/Project3/Module1/lab5/part2/BCDToHex.v Line: 16
Warning (10230): Verilog HDL assignment warning at BCDToHex.v(17): truncated value with size 8 to match size of target (7) File: X:/Graduate/ECEN5863/ProgrammableLogicProjects/Project3/Module1/lab5/part2/BCDToHex.v Line: 17
Warning (10230): Verilog HDL assignment warning at BCDToHex.v(18): truncated value with size 8 to match size of target (7) File: X:/Graduate/ECEN5863/ProgrammableLogicProjects/Project3/Module1/lab5/part2/BCDToHex.v Line: 18
Warning (10230): Verilog HDL assignment warning at BCDToHex.v(19): truncated value with size 8 to match size of target (7) File: X:/Graduate/ECEN5863/ProgrammableLogicProjects/Project3/Module1/lab5/part2/BCDToHex.v Line: 19
Warning (10230): Verilog HDL assignment warning at BCDToHex.v(20): truncated value with size 8 to match size of target (7) File: X:/Graduate/ECEN5863/ProgrammableLogicProjects/Project3/Module1/lab5/part2/BCDToHex.v Line: 20
Warning (10230): Verilog HDL assignment warning at BCDToHex.v(21): truncated value with size 8 to match size of target (7) File: X:/Graduate/ECEN5863/ProgrammableLogicProjects/Project3/Module1/lab5/part2/BCDToHex.v Line: 21
Warning (10230): Verilog HDL assignment warning at BCDToHex.v(22): truncated value with size 8 to match size of target (7) File: X:/Graduate/ECEN5863/ProgrammableLogicProjects/Project3/Module1/lab5/part2/BCDToHex.v Line: 22
Warning (10230): Verilog HDL assignment warning at BCDToHex.v(23): truncated value with size 8 to match size of target (7) File: X:/Graduate/ECEN5863/ProgrammableLogicProjects/Project3/Module1/lab5/part2/BCDToHex.v Line: 23
Warning (10230): Verilog HDL assignment warning at BCDToHex.v(24): truncated value with size 8 to match size of target (7) File: X:/Graduate/ECEN5863/ProgrammableLogicProjects/Project3/Module1/lab5/part2/BCDToHex.v Line: 24
Warning (10230): Verilog HDL assignment warning at BCDToHex.v(25): truncated value with size 8 to match size of target (7) File: X:/Graduate/ECEN5863/ProgrammableLogicProjects/Project3/Module1/lab5/part2/BCDToHex.v Line: 25
Info (278001): Inferred 5 megafunctions from design logic
    Info (278004): Inferred divider/modulo megafunction ("lpm_divide") from the following logic: "binToBCD:U2|Mod0" File: X:/Graduate/ECEN5863/ProgrammableLogicProjects/Project3/Module1/lab5/part2/binToBCD.v Line: 7
    Info (278004): Inferred divider/modulo megafunction ("lpm_divide") from the following logic: "binToBCD:U2|Mod1" File: X:/Graduate/ECEN5863/ProgrammableLogicProjects/Project3/Module1/lab5/part2/binToBCD.v Line: 8
    Info (278004): Inferred divider/modulo megafunction ("lpm_divide") from the following logic: "binToBCD:U2|Div0" File: X:/Graduate/ECEN5863/ProgrammableLogicProjects/Project3/Module1/lab5/part2/binToBCD.v Line: 8
    Info (278004): Inferred divider/modulo megafunction ("lpm_divide") from the following logic: "binToBCD:U2|Mod2" File: X:/Graduate/ECEN5863/ProgrammableLogicProjects/Project3/Module1/lab5/part2/binToBCD.v Line: 9
    Info (278004): Inferred divider/modulo megafunction ("lpm_divide") from the following logic: "binToBCD:U2|Div1" File: X:/Graduate/ECEN5863/ProgrammableLogicProjects/Project3/Module1/lab5/part2/binToBCD.v Line: 9
Info (12130): Elaborated megafunction instantiation "binToBCD:U2|lpm_divide:Mod0" File: X:/Graduate/ECEN5863/ProgrammableLogicProjects/Project3/Module1/lab5/part2/binToBCD.v Line: 7
Info (12133): Instantiated megafunction "binToBCD:U2|lpm_divide:Mod0" with the following parameter: File: X:/Graduate/ECEN5863/ProgrammableLogicProjects/Project3/Module1/lab5/part2/binToBCD.v Line: 7
    Info (12134): Parameter "LPM_WIDTHN" = "10"
    Info (12134): Parameter "LPM_WIDTHD" = "4"
    Info (12134): Parameter "LPM_NREPRESENTATION" = "UNSIGNED"
    Info (12134): Parameter "LPM_DREPRESENTATION" = "UNSIGNED"
Info (12021): Found 1 design units, including 1 entities, in source file db/lpm_divide_h3m.tdf
    Info (12023): Found entity 1: lpm_divide_h3m File: X:/Graduate/ECEN5863/ProgrammableLogicProjects/Project3/Module1/lab5/part2/db/lpm_divide_h3m.tdf Line: 24
Info (12021): Found 1 design units, including 1 entities, in source file db/sign_div_unsign_klh.tdf
    Info (12023): Found entity 1: sign_div_unsign_klh File: X:/Graduate/ECEN5863/ProgrammableLogicProjects/Project3/Module1/lab5/part2/db/sign_div_unsign_klh.tdf Line: 24
Info (12021): Found 1 design units, including 1 entities, in source file db/alt_u_div_eve.tdf
    Info (12023): Found entity 1: alt_u_div_eve File: X:/Graduate/ECEN5863/ProgrammableLogicProjects/Project3/Module1/lab5/part2/db/alt_u_div_eve.tdf Line: 22
Info (12130): Elaborated megafunction instantiation "binToBCD:U2|lpm_divide:Mod1" File: X:/Graduate/ECEN5863/ProgrammableLogicProjects/Project3/Module1/lab5/part2/binToBCD.v Line: 8
Info (12133): Instantiated megafunction "binToBCD:U2|lpm_divide:Mod1" with the following parameter: File: X:/Graduate/ECEN5863/ProgrammableLogicProjects/Project3/Module1/lab5/part2/binToBCD.v Line: 8
    Info (12134): Parameter "LPM_WIDTHN" = "10"
    Info (12134): Parameter "LPM_WIDTHD" = "7"
    Info (12134): Parameter "LPM_NREPRESENTATION" = "UNSIGNED"
    Info (12134): Parameter "LPM_DREPRESENTATION" = "UNSIGNED"
Info (12021): Found 1 design units, including 1 entities, in source file db/lpm_divide_k3m.tdf
    Info (12023): Found entity 1: lpm_divide_k3m File: X:/Graduate/ECEN5863/ProgrammableLogicProjects/Project3/Module1/lab5/part2/db/lpm_divide_k3m.tdf Line: 24
Info (12021): Found 1 design units, including 1 entities, in source file db/sign_div_unsign_nlh.tdf
    Info (12023): Found entity 1: sign_div_unsign_nlh File: X:/Graduate/ECEN5863/ProgrammableLogicProjects/Project3/Module1/lab5/part2/db/sign_div_unsign_nlh.tdf Line: 24
Info (12021): Found 1 design units, including 1 entities, in source file db/alt_u_div_kve.tdf
    Info (12023): Found entity 1: alt_u_div_kve File: X:/Graduate/ECEN5863/ProgrammableLogicProjects/Project3/Module1/lab5/part2/db/alt_u_div_kve.tdf Line: 22
Info (12130): Elaborated megafunction instantiation "binToBCD:U2|lpm_divide:Div0" File: X:/Graduate/ECEN5863/ProgrammableLogicProjects/Project3/Module1/lab5/part2/binToBCD.v Line: 8
Info (12133): Instantiated megafunction "binToBCD:U2|lpm_divide:Div0" with the following parameter: File: X:/Graduate/ECEN5863/ProgrammableLogicProjects/Project3/Module1/lab5/part2/binToBCD.v Line: 8
    Info (12134): Parameter "LPM_WIDTHN" = "7"
    Info (12134): Parameter "LPM_WIDTHD" = "4"
    Info (12134): Parameter "LPM_NREPRESENTATION" = "UNSIGNED"
    Info (12134): Parameter "LPM_DREPRESENTATION" = "UNSIGNED"
Info (12021): Found 1 design units, including 1 entities, in source file db/lpm_divide_4am.tdf
    Info (12023): Found entity 1: lpm_divide_4am File: X:/Graduate/ECEN5863/ProgrammableLogicProjects/Project3/Module1/lab5/part2/db/lpm_divide_4am.tdf Line: 24
Info (12021): Found 1 design units, including 1 entities, in source file db/sign_div_unsign_akh.tdf
    Info (12023): Found entity 1: sign_div_unsign_akh File: X:/Graduate/ECEN5863/ProgrammableLogicProjects/Project3/Module1/lab5/part2/db/sign_div_unsign_akh.tdf Line: 24
Info (12021): Found 1 design units, including 1 entities, in source file db/alt_u_div_qse.tdf
    Info (12023): Found entity 1: alt_u_div_qse File: X:/Graduate/ECEN5863/ProgrammableLogicProjects/Project3/Module1/lab5/part2/db/alt_u_div_qse.tdf Line: 22
Info (12130): Elaborated megafunction instantiation "binToBCD:U2|lpm_divide:Mod2" File: X:/Graduate/ECEN5863/ProgrammableLogicProjects/Project3/Module1/lab5/part2/binToBCD.v Line: 9
Info (12133): Instantiated megafunction "binToBCD:U2|lpm_divide:Mod2" with the following parameter: File: X:/Graduate/ECEN5863/ProgrammableLogicProjects/Project3/Module1/lab5/part2/binToBCD.v Line: 9
    Info (12134): Parameter "LPM_WIDTHN" = "10"
    Info (12134): Parameter "LPM_WIDTHD" = "10"
    Info (12134): Parameter "LPM_NREPRESENTATION" = "UNSIGNED"
    Info (12134): Parameter "LPM_DREPRESENTATION" = "UNSIGNED"
Info (12021): Found 1 design units, including 1 entities, in source file db/lpm_divide_u4m.tdf
    Info (12023): Found entity 1: lpm_divide_u4m File: X:/Graduate/ECEN5863/ProgrammableLogicProjects/Project3/Module1/lab5/part2/db/lpm_divide_u4m.tdf Line: 24
Info (12021): Found 1 design units, including 1 entities, in source file db/sign_div_unsign_1nh.tdf
    Info (12023): Found entity 1: sign_div_unsign_1nh File: X:/Graduate/ECEN5863/ProgrammableLogicProjects/Project3/Module1/lab5/part2/db/sign_div_unsign_1nh.tdf Line: 24
Info (12021): Found 1 design units, including 1 entities, in source file db/alt_u_div_82f.tdf
    Info (12023): Found entity 1: alt_u_div_82f File: X:/Graduate/ECEN5863/ProgrammableLogicProjects/Project3/Module1/lab5/part2/db/alt_u_div_82f.tdf Line: 22
Info (12130): Elaborated megafunction instantiation "binToBCD:U2|lpm_divide:Div1" File: X:/Graduate/ECEN5863/ProgrammableLogicProjects/Project3/Module1/lab5/part2/binToBCD.v Line: 9
Info (12133): Instantiated megafunction "binToBCD:U2|lpm_divide:Div1" with the following parameter: File: X:/Graduate/ECEN5863/ProgrammableLogicProjects/Project3/Module1/lab5/part2/binToBCD.v Line: 9
    Info (12134): Parameter "LPM_WIDTHN" = "10"
    Info (12134): Parameter "LPM_WIDTHD" = "7"
    Info (12134): Parameter "LPM_NREPRESENTATION" = "UNSIGNED"
    Info (12134): Parameter "LPM_DREPRESENTATION" = "UNSIGNED"
Info (12021): Found 1 design units, including 1 entities, in source file db/lpm_divide_hbm.tdf
    Info (12023): Found entity 1: lpm_divide_hbm File: X:/Graduate/ECEN5863/ProgrammableLogicProjects/Project3/Module1/lab5/part2/db/lpm_divide_hbm.tdf Line: 24
Warning (13024): Output pins are stuck at VCC or GND
    Warning (13410): Pin "LEDR[8]" is stuck at GND File: X:/Graduate/ECEN5863/ProgrammableLogicProjects/Project3/Module1/lab5/part2/part2.v Line: 6
Info (286030): Timing-Driven Synthesis is running
Info (144001): Generated suppressed messages file X:/Graduate/ECEN5863/ProgrammableLogicProjects/Project3/Module1/lab5/part2/output_files/part2.map.smsg
Info (16010): Generating hard_block partition "hard_block:auto_generated_inst"
    Info (16011): Adding 0 node(s), including 0 DDIO, 0 PLL, 0 transceiver and 0 LCELL
Warning (21074): Design contains 3 input pin(s) that do not drive logic
    Warning (15610): No output dependent on input pin "KEY[1]" File: X:/Graduate/ECEN5863/ProgrammableLogicProjects/Project3/Module1/lab5/part2/part2.v Line: 4
    Warning (15610): No output dependent on input pin "KEY[2]" File: X:/Graduate/ECEN5863/ProgrammableLogicProjects/Project3/Module1/lab5/part2/part2.v Line: 4
    Warning (15610): No output dependent on input pin "KEY[3]" File: X:/Graduate/ECEN5863/ProgrammableLogicProjects/Project3/Module1/lab5/part2/part2.v Line: 4
Info (21057): Implemented 383 device resources after synthesis - the final resource count might be different
    Info (21058): Implemented 5 input pins
    Info (21059): Implemented 31 output pins
    Info (21061): Implemented 347 logic cells
Info: Quartus Prime Analysis & Synthesis was successful. 0 errors, 29 warnings
    Info: Peak virtual memory: 4891 megabytes
    Info: Processing ended: Sat Nov 18 14:34:44 2023
    Info: Elapsed time: 00:00:10
    Info: Total CPU time (on all processors): 00:00:07


+------------------------------------------+
; Analysis & Synthesis Suppressed Messages ;
+------------------------------------------+
The suppressed messages can be found in X:/Graduate/ECEN5863/ProgrammableLogicProjects/Project3/Module1/lab5/part2/output_files/part2.map.smsg.


