One matching license found for this product: synplifypro_actel

Starting:    D:\Microsemi\Libero_SoC_v12.6\SynplifyPro\bin64\mbin\synbatch.exe
Install:     D:\Microsemi\Libero_SoC_v12.6\SynplifyPro
Hostname:    STARGATE-COMMAN
Date:        Tue Oct 17 20:14:12 2023
Version:     Q-2020.03M-SP1

Arguments:   -product synplify_pro -batch -log synplify.log Counter16_syn.tcl
ProductType: synplify_pro

License checkout: synplifypro_actel
License: synplifypro_actel node-locked 
Licensed Vendor: actel
License Option: actel_oem

Running in Vendor Mode

auto_infer_blackbox is not supported in current product.
log file: "X:\Graduate\ECEN5863\ProgrammableLogicProjects\Project2\Module1\SmartTimeTutorial\Counter16\Counter16\synthesis\Counter16.srr"
Running: synthesis in foreground

Running Counter16_syn|synthesis

Running Flow: compile (Compile) on Counter16_syn|synthesis
# Tue Oct 17 20:14:13 2023

Running Flow: compile_flow (Compile Process) on Counter16_syn|synthesis
# Tue Oct 17 20:14:13 2023

Running: compiler (Compile Input) on Counter16_syn|synthesis
# Tue Oct 17 20:14:13 2023
Copied X:\Graduate\ECEN5863\ProgrammableLogicProjects\Project2\Module1\SmartTimeTutorial\Counter16\Counter16\synthesis\synwork\Counter16_comp.srs to X:\Graduate\ECEN5863\ProgrammableLogicProjects\Project2\Module1\SmartTimeTutorial\Counter16\Counter16\synthesis\Counter16.srs

compiler completed
# Tue Oct 17 20:14:15 2023

Return Code: 0
Run Time:00h:00m:02s

Running: multi_srs_gen (Multi-srs Generator) on Counter16_syn|synthesis
# Tue Oct 17 20:14:15 2023

multi_srs_gen completed
# Tue Oct 17 20:14:15 2023

Return Code: 0
Run Time:00h:00m:00s
Copied X:\Graduate\ECEN5863\ProgrammableLogicProjects\Project2\Module1\SmartTimeTutorial\Counter16\Counter16\synthesis\synwork\Counter16_mult.srs to X:\Graduate\ECEN5863\ProgrammableLogicProjects\Project2\Module1\SmartTimeTutorial\Counter16\Counter16\synthesis\Counter16.srs
Complete: Compile Process on Counter16_syn|synthesis

Running: premap (Premap) on Counter16_syn|synthesis
# Tue Oct 17 20:14:15 2023

premap completed with warnings
# Tue Oct 17 20:14:17 2023

Return Code: 1
Run Time:00h:00m:02s
Complete: Compile on Counter16_syn|synthesis

Running Flow: map (Map) on Counter16_syn|synthesis
# Tue Oct 17 20:14:17 2023
License granted for 4 parallel jobs

Running: fpga_mapper (Map & Optimize) on Counter16_syn|synthesis
# Tue Oct 17 20:14:17 2023
Copied X:\Graduate\ECEN5863\ProgrammableLogicProjects\Project2\Module1\SmartTimeTutorial\Counter16\Counter16\synthesis\synwork\Counter16_m.srm to X:\Graduate\ECEN5863\ProgrammableLogicProjects\Project2\Module1\SmartTimeTutorial\Counter16\Counter16\synthesis\Counter16.srm

fpga_mapper completed with warnings
# Tue Oct 17 20:14:20 2023

Return Code: 1
Run Time:00h:00m:03s
Complete: Map on Counter16_syn|synthesis
Complete: Logic Synthesis on Counter16_syn|synthesis
TCL script complete: "Counter16_syn.tcl"
exit status=0
exit status=0
License checkin: synplifypro_actel
