
Copyright (C) 1994-2020 Synopsys, Inc.
This Synopsys software and all associated documentation are proprietary to Synopsys, Inc.
and may only be used pursuant to the terms and conditions of a written license agreement
with Synopsys, Inc. All other use, reproduction, modification, or distribution of the
Synopsys software or the associated documentation is strictly prohibited.
Tool: Synplify Pro (R)
Build: Q-2020.03M-SP1
Install: D:\Microsemi\Libero_SoC_v12.6\SynplifyPro
OS: Windows 6.2

Hostname: STARGATE-COMMAN

Implementation : synthesis
Synopsys HDL compiler and linker, Version comp202003synp2, Build 170R, Built Oct 21 2020 10:52:30, @

Modified Files: 14
FID:  path (prevtimestamp, timestamp)
0        D:\Microsemi\Libero_SoC_v12.6\SynplifyPro\lib\generic\smartfusion2.v (N/A, 2020-11-03 00:58:10)
1        D:\Microsemi\Libero_SoC_v12.6\SynplifyPro\lib\vlog\hypermods.v (N/A, 2020-11-03 00:58:13)
2        D:\Microsemi\Libero_SoC_v12.6\SynplifyPro\lib\vlog\scemi_objects.v (N/A, 2020-11-03 00:58:13)
3        D:\Microsemi\Libero_SoC_v12.6\SynplifyPro\lib\vlog\scemi_pipes.svh (N/A, 2020-11-03 00:58:13)
4        D:\Microsemi\Libero_SoC_v12.6\SynplifyPro\lib\vlog\umr_capim.v (N/A, 2020-11-03 00:58:13)
5        X:\Graduate\ECEN5863\ProgrammableLogicProjects\Project2\Module2\SF2MakerDemo\SF2MakerDemo\component\Actel\DirectCore\CoreResetP\7.1.100\rtl\vlog\core\coreresetp.v (N/A, 2023-10-22 10:11:43)
6        X:\Graduate\ECEN5863\ProgrammableLogicProjects\Project2\Module2\SF2MakerDemo\SF2MakerDemo\component\Actel\DirectCore\CoreResetP\7.1.100\rtl\vlog\core\coreresetp_pcie_hotreset.v (N/A, 2023-10-22 10:11:43)
7        X:\Graduate\ECEN5863\ProgrammableLogicProjects\Project2\Module2\SF2MakerDemo\SF2MakerDemo\component\Actel\SgCore\OSC\2.0.101\osc_comps.v (N/A, 2023-10-22 10:11:44)
8        X:\Graduate\ECEN5863\ProgrammableLogicProjects\Project2\Module2\SF2MakerDemo\SF2MakerDemo\component\work\MakerDemo\MakerDemo.v (N/A, 2023-10-22 10:13:38)
9        X:\Graduate\ECEN5863\ProgrammableLogicProjects\Project2\Module2\SF2MakerDemo\SF2MakerDemo\component\work\MakerDemo_sb\CCC_0\MakerDemo_sb_CCC_0_FCCC.v (N/A, 2023-10-22 10:11:43)
10       X:\Graduate\ECEN5863\ProgrammableLogicProjects\Project2\Module2\SF2MakerDemo\SF2MakerDemo\component\work\MakerDemo_sb\FABOSC_0\MakerDemo_sb_FABOSC_0_OSC.v (N/A, 2023-10-22 10:11:44)
11       X:\Graduate\ECEN5863\ProgrammableLogicProjects\Project2\Module2\SF2MakerDemo\SF2MakerDemo\component\work\MakerDemo_sb\MakerDemo_sb.v (N/A, 2023-10-22 10:11:44)
12       X:\Graduate\ECEN5863\ProgrammableLogicProjects\Project2\Module2\SF2MakerDemo\SF2MakerDemo\component\work\MakerDemo_sb_MSS\MakerDemo_sb_MSS.v (N/A, 2023-10-22 10:11:41)
13       X:\Graduate\ECEN5863\ProgrammableLogicProjects\Project2\Module2\SF2MakerDemo\SF2MakerDemo\component\work\MakerDemo_sb_MSS\MakerDemo_sb_MSS_syn.v (N/A, 2023-10-22 10:11:41)

*******************************************************************
Modules that may have changed as a result of file changes: 14
MID:  lib.cell.view
0        work.CoreResetP.verilog may have changed because the following files changed:
                        X:\Graduate\ECEN5863\ProgrammableLogicProjects\Project2\Module2\SF2MakerDemo\SF2MakerDemo\component\Actel\DirectCore\CoreResetP\7.1.100\rtl\vlog\core\coreresetp.v (N/A, 2023-10-22 10:11:43) <-- (module definition)
                        X:\Graduate\ECEN5863\ProgrammableLogicProjects\Project2\Module2\SF2MakerDemo\SF2MakerDemo\component\work\MakerDemo\MakerDemo.v (N/A, 2023-10-22 10:13:38) <-- (may instantiate this module)
                        X:\Graduate\ECEN5863\ProgrammableLogicProjects\Project2\Module2\SF2MakerDemo\SF2MakerDemo\component\work\MakerDemo_sb\MakerDemo_sb.v (N/A, 2023-10-22 10:11:44) <-- (may instantiate this module)
1        work.MSS_010.verilog may have changed because the following files changed:
                        X:\Graduate\ECEN5863\ProgrammableLogicProjects\Project2\Module2\SF2MakerDemo\SF2MakerDemo\component\work\MakerDemo\MakerDemo.v (N/A, 2023-10-22 10:13:38) <-- (may instantiate this module)
                        X:\Graduate\ECEN5863\ProgrammableLogicProjects\Project2\Module2\SF2MakerDemo\SF2MakerDemo\component\work\MakerDemo_sb\MakerDemo_sb.v (N/A, 2023-10-22 10:11:44) <-- (may instantiate this module)
                        X:\Graduate\ECEN5863\ProgrammableLogicProjects\Project2\Module2\SF2MakerDemo\SF2MakerDemo\component\work\MakerDemo_sb_MSS\MakerDemo_sb_MSS.v (N/A, 2023-10-22 10:11:41) <-- (may instantiate this module)
                        X:\Graduate\ECEN5863\ProgrammableLogicProjects\Project2\Module2\SF2MakerDemo\SF2MakerDemo\component\work\MakerDemo_sb_MSS\MakerDemo_sb_MSS_syn.v (N/A, 2023-10-22 10:11:41) <-- (module definition)
2        work.MakerDemo.verilog may have changed because the following files changed:
                        X:\Graduate\ECEN5863\ProgrammableLogicProjects\Project2\Module2\SF2MakerDemo\SF2MakerDemo\component\work\MakerDemo\MakerDemo.v (N/A, 2023-10-22 10:13:38) <-- (module definition)
3        work.MakerDemo_sb.verilog may have changed because the following files changed:
                        X:\Graduate\ECEN5863\ProgrammableLogicProjects\Project2\Module2\SF2MakerDemo\SF2MakerDemo\component\work\MakerDemo\MakerDemo.v (N/A, 2023-10-22 10:13:38) <-- (may instantiate this module)
                        X:\Graduate\ECEN5863\ProgrammableLogicProjects\Project2\Module2\SF2MakerDemo\SF2MakerDemo\component\work\MakerDemo_sb\MakerDemo_sb.v (N/A, 2023-10-22 10:11:44) <-- (module definition)
4        work.MakerDemo_sb_CCC_0_FCCC.verilog may have changed because the following files changed:
                        X:\Graduate\ECEN5863\ProgrammableLogicProjects\Project2\Module2\SF2MakerDemo\SF2MakerDemo\component\work\MakerDemo\MakerDemo.v (N/A, 2023-10-22 10:13:38) <-- (may instantiate this module)
                        X:\Graduate\ECEN5863\ProgrammableLogicProjects\Project2\Module2\SF2MakerDemo\SF2MakerDemo\component\work\MakerDemo_sb\CCC_0\MakerDemo_sb_CCC_0_FCCC.v (N/A, 2023-10-22 10:11:43) <-- (module definition)
                        X:\Graduate\ECEN5863\ProgrammableLogicProjects\Project2\Module2\SF2MakerDemo\SF2MakerDemo\component\work\MakerDemo_sb\MakerDemo_sb.v (N/A, 2023-10-22 10:11:44) <-- (may instantiate this module)
5        work.MakerDemo_sb_FABOSC_0_OSC.verilog may have changed because the following files changed:
                        X:\Graduate\ECEN5863\ProgrammableLogicProjects\Project2\Module2\SF2MakerDemo\SF2MakerDemo\component\work\MakerDemo\MakerDemo.v (N/A, 2023-10-22 10:13:38) <-- (may instantiate this module)
                        X:\Graduate\ECEN5863\ProgrammableLogicProjects\Project2\Module2\SF2MakerDemo\SF2MakerDemo\component\work\MakerDemo_sb\FABOSC_0\MakerDemo_sb_FABOSC_0_OSC.v (N/A, 2023-10-22 10:11:44) <-- (module definition)
                        X:\Graduate\ECEN5863\ProgrammableLogicProjects\Project2\Module2\SF2MakerDemo\SF2MakerDemo\component\work\MakerDemo_sb\MakerDemo_sb.v (N/A, 2023-10-22 10:11:44) <-- (may instantiate this module)
6        work.MakerDemo_sb_MSS.verilog may have changed because the following files changed:
                        X:\Graduate\ECEN5863\ProgrammableLogicProjects\Project2\Module2\SF2MakerDemo\SF2MakerDemo\component\work\MakerDemo\MakerDemo.v (N/A, 2023-10-22 10:13:38) <-- (may instantiate this module)
                        X:\Graduate\ECEN5863\ProgrammableLogicProjects\Project2\Module2\SF2MakerDemo\SF2MakerDemo\component\work\MakerDemo_sb\MakerDemo_sb.v (N/A, 2023-10-22 10:11:44) <-- (may instantiate this module)
                        X:\Graduate\ECEN5863\ProgrammableLogicProjects\Project2\Module2\SF2MakerDemo\SF2MakerDemo\component\work\MakerDemo_sb_MSS\MakerDemo_sb_MSS.v (N/A, 2023-10-22 10:11:41) <-- (module definition)
7        work.RCOSC_1MHZ.verilog may have changed because the following files changed:
                        X:\Graduate\ECEN5863\ProgrammableLogicProjects\Project2\Module2\SF2MakerDemo\SF2MakerDemo\component\Actel\SgCore\OSC\2.0.101\osc_comps.v (N/A, 2023-10-22 10:11:44) <-- (module definition)
                        X:\Graduate\ECEN5863\ProgrammableLogicProjects\Project2\Module2\SF2MakerDemo\SF2MakerDemo\component\work\MakerDemo\MakerDemo.v (N/A, 2023-10-22 10:13:38) <-- (may instantiate this module)
                        X:\Graduate\ECEN5863\ProgrammableLogicProjects\Project2\Module2\SF2MakerDemo\SF2MakerDemo\component\work\MakerDemo_sb\FABOSC_0\MakerDemo_sb_FABOSC_0_OSC.v (N/A, 2023-10-22 10:11:44) <-- (may instantiate this module)
                        X:\Graduate\ECEN5863\ProgrammableLogicProjects\Project2\Module2\SF2MakerDemo\SF2MakerDemo\component\work\MakerDemo_sb\MakerDemo_sb.v (N/A, 2023-10-22 10:11:44) <-- (may instantiate this module)
8        work.RCOSC_1MHZ_FAB.verilog may have changed because the following files changed:
                        X:\Graduate\ECEN5863\ProgrammableLogicProjects\Project2\Module2\SF2MakerDemo\SF2MakerDemo\component\Actel\SgCore\OSC\2.0.101\osc_comps.v (N/A, 2023-10-22 10:11:44) <-- (module definition)
                        X:\Graduate\ECEN5863\ProgrammableLogicProjects\Project2\Module2\SF2MakerDemo\SF2MakerDemo\component\work\MakerDemo\MakerDemo.v (N/A, 2023-10-22 10:13:38) <-- (may instantiate this module)
                        X:\Graduate\ECEN5863\ProgrammableLogicProjects\Project2\Module2\SF2MakerDemo\SF2MakerDemo\component\work\MakerDemo_sb\FABOSC_0\MakerDemo_sb_FABOSC_0_OSC.v (N/A, 2023-10-22 10:11:44) <-- (may instantiate this module)
                        X:\Graduate\ECEN5863\ProgrammableLogicProjects\Project2\Module2\SF2MakerDemo\SF2MakerDemo\component\work\MakerDemo_sb\MakerDemo_sb.v (N/A, 2023-10-22 10:11:44) <-- (may instantiate this module)
9        work.RCOSC_25_50MHZ.verilog may have changed because the following files changed:
                        X:\Graduate\ECEN5863\ProgrammableLogicProjects\Project2\Module2\SF2MakerDemo\SF2MakerDemo\component\Actel\SgCore\OSC\2.0.101\osc_comps.v (N/A, 2023-10-22 10:11:44) <-- (module definition)
                        X:\Graduate\ECEN5863\ProgrammableLogicProjects\Project2\Module2\SF2MakerDemo\SF2MakerDemo\component\work\MakerDemo\MakerDemo.v (N/A, 2023-10-22 10:13:38) <-- (may instantiate this module)
                        X:\Graduate\ECEN5863\ProgrammableLogicProjects\Project2\Module2\SF2MakerDemo\SF2MakerDemo\component\work\MakerDemo_sb\FABOSC_0\MakerDemo_sb_FABOSC_0_OSC.v (N/A, 2023-10-22 10:11:44) <-- (may instantiate this module)
                        X:\Graduate\ECEN5863\ProgrammableLogicProjects\Project2\Module2\SF2MakerDemo\SF2MakerDemo\component\work\MakerDemo_sb\MakerDemo_sb.v (N/A, 2023-10-22 10:11:44) <-- (may instantiate this module)
10       work.RCOSC_25_50MHZ_FAB.verilog may have changed because the following files changed:
                        X:\Graduate\ECEN5863\ProgrammableLogicProjects\Project2\Module2\SF2MakerDemo\SF2MakerDemo\component\Actel\SgCore\OSC\2.0.101\osc_comps.v (N/A, 2023-10-22 10:11:44) <-- (module definition)
                        X:\Graduate\ECEN5863\ProgrammableLogicProjects\Project2\Module2\SF2MakerDemo\SF2MakerDemo\component\work\MakerDemo\MakerDemo.v (N/A, 2023-10-22 10:13:38) <-- (may instantiate this module)
                        X:\Graduate\ECEN5863\ProgrammableLogicProjects\Project2\Module2\SF2MakerDemo\SF2MakerDemo\component\work\MakerDemo_sb\FABOSC_0\MakerDemo_sb_FABOSC_0_OSC.v (N/A, 2023-10-22 10:11:44) <-- (may instantiate this module)
                        X:\Graduate\ECEN5863\ProgrammableLogicProjects\Project2\Module2\SF2MakerDemo\SF2MakerDemo\component\work\MakerDemo_sb\MakerDemo_sb.v (N/A, 2023-10-22 10:11:44) <-- (may instantiate this module)
11       work.XTLOSC.verilog may have changed because the following files changed:
                        X:\Graduate\ECEN5863\ProgrammableLogicProjects\Project2\Module2\SF2MakerDemo\SF2MakerDemo\component\Actel\SgCore\OSC\2.0.101\osc_comps.v (N/A, 2023-10-22 10:11:44) <-- (module definition)
                        X:\Graduate\ECEN5863\ProgrammableLogicProjects\Project2\Module2\SF2MakerDemo\SF2MakerDemo\component\work\MakerDemo\MakerDemo.v (N/A, 2023-10-22 10:13:38) <-- (may instantiate this module)
                        X:\Graduate\ECEN5863\ProgrammableLogicProjects\Project2\Module2\SF2MakerDemo\SF2MakerDemo\component\work\MakerDemo_sb\FABOSC_0\MakerDemo_sb_FABOSC_0_OSC.v (N/A, 2023-10-22 10:11:44) <-- (may instantiate this module)
                        X:\Graduate\ECEN5863\ProgrammableLogicProjects\Project2\Module2\SF2MakerDemo\SF2MakerDemo\component\work\MakerDemo_sb\MakerDemo_sb.v (N/A, 2023-10-22 10:11:44) <-- (may instantiate this module)
12       work.XTLOSC_FAB.verilog may have changed because the following files changed:
                        X:\Graduate\ECEN5863\ProgrammableLogicProjects\Project2\Module2\SF2MakerDemo\SF2MakerDemo\component\Actel\SgCore\OSC\2.0.101\osc_comps.v (N/A, 2023-10-22 10:11:44) <-- (module definition)
                        X:\Graduate\ECEN5863\ProgrammableLogicProjects\Project2\Module2\SF2MakerDemo\SF2MakerDemo\component\work\MakerDemo\MakerDemo.v (N/A, 2023-10-22 10:13:38) <-- (may instantiate this module)
                        X:\Graduate\ECEN5863\ProgrammableLogicProjects\Project2\Module2\SF2MakerDemo\SF2MakerDemo\component\work\MakerDemo_sb\FABOSC_0\MakerDemo_sb_FABOSC_0_OSC.v (N/A, 2023-10-22 10:11:44) <-- (may instantiate this module)
                        X:\Graduate\ECEN5863\ProgrammableLogicProjects\Project2\Module2\SF2MakerDemo\SF2MakerDemo\component\work\MakerDemo_sb\MakerDemo_sb.v (N/A, 2023-10-22 10:11:44) <-- (may instantiate this module)
13       work.coreresetp_pcie_hotreset.verilog may have changed because the following files changed:
                        X:\Graduate\ECEN5863\ProgrammableLogicProjects\Project2\Module2\SF2MakerDemo\SF2MakerDemo\component\Actel\DirectCore\CoreResetP\7.1.100\rtl\vlog\core\coreresetp.v (N/A, 2023-10-22 10:11:43) <-- (may instantiate this module)
                        X:\Graduate\ECEN5863\ProgrammableLogicProjects\Project2\Module2\SF2MakerDemo\SF2MakerDemo\component\Actel\DirectCore\CoreResetP\7.1.100\rtl\vlog\core\coreresetp_pcie_hotreset.v (N/A, 2023-10-22 10:11:43) <-- (module definition)
                        X:\Graduate\ECEN5863\ProgrammableLogicProjects\Project2\Module2\SF2MakerDemo\SF2MakerDemo\component\work\MakerDemo\MakerDemo.v (N/A, 2023-10-22 10:13:38) <-- (may instantiate this module)
                        X:\Graduate\ECEN5863\ProgrammableLogicProjects\Project2\Module2\SF2MakerDemo\SF2MakerDemo\component\work\MakerDemo_sb\MakerDemo_sb.v (N/A, 2023-10-22 10:11:44) <-- (may instantiate this module)

*******************************************************************
Unmodified files: 0
FID:  path (timestamp)

*******************************************************************
Unchanged modules: 0
MID:  lib.cell.view
